#
# A fatal error has been detected by the Java Runtime Environment:
#
#  SIGSEGV (0xb) at pc=0x0000000119a1f217, pid=83976, tid=0x0000000000001703
#
# JRE version: Java(TM) SE Runtime Environment (8.0_144-b01) (build 1.8.0_144-b01)
# Java VM: Java HotSpot(TM) 64-Bit Server VM (25.144-b01 mixed mode bsd-amd64 compressed oops)
# Problematic frame:
# C  [libz3.dylib+0x9f4217]  sat::solver::propagate_core(bool)+0x307
#
# Failed to write core dump. Core dumps have been disabled. To enable core dumping, try "ulimit -c unlimited" before starting Java again
#
# If you would like to submit a bug report, please visit:
#   http://bugreport.java.com/bugreport/crash.jsp
# The crash happened outside the Java Virtual Machine in native code.
# See problematic frame for where to report the bug.
#

---------------  T H R E A D  ---------------

Current thread (0x00007feb52006000):  JavaThread "main" [_thread_in_native, id=5891, stack(0x000070000011a000,0x000070000021a000)]

siginfo: si_signo: 11 (SIGSEGV), si_code: 1 (SEGV_MAPERR), si_addr: 0x0000000052ac0a2c

Registers:
RAX=0x0000000052ac0a18, RBX=0x00007feb54102338, RCX=0x0000000100000000, RDX=0x0000000000000016
RSP=0x0000700000216a40, RBP=0x00007feb54102330, RSI=0x0000000052ac0a18, RDI=0x0000700000216ce0
R8 =0x0000000000000002, R9 =0x00000000c0000000, R10=0x000000006052e0fa, R11=0x00007feb50400000
R12=0x00007feb54102330, R13=0x0000000052ac0a18, R14=0x00007feb54102330, R15=0x0000700000216bd0
RIP=0x0000000119a1f217, EFLAGS=0x0000000000010297, ERR=0x0000000000000004
  TRAPNO=0x000000000000000e

Top of Stack: (sp=0x0000700000216a40)
0x0000700000216a40:   0000000100216bd0 0000000000000001
0x0000700000216a50:   00007feb54102338 00007feb54104610
0x0000700000216a60:   0000700000216ce0 0000000052ac0a18
0x0000700000216a70:   0000000100000002 0000001200000000
0x0000700000216a80:   0000000000000003 0000000000000002
0x0000700000216a90:   0000700000217301 0000700000216bd0
0x0000700000216aa0:   0000000119a20064 00007000002173e0
0x0000700000216ab0:   00007000002170f8 0000000119a20078
0x0000700000216ac0:   00000000ffffffff 0000000119a1fead
0x0000700000216ad0:   0000000000000064 0000700000216bd0
0x0000700000216ae0:   00007000002174f8 0000000004000000
0x0000700000216af0:   0000700000216bb8 0000000119a1fb65
0x0000700000216b00:   0000700000216b38 0000000004000000
0x0000700000216b10:   0000700000216bd0 00000001197d17db
0x0000700000216b20:   0000700000217298 0000700000218398
0x0000700000216b30:   00007000002183a0 00007feb525a9608
0x0000700000216b40:   00007feb5293ae08 0000001f00000040
0x0000700000216b50:   0000700000000000 00007feb541044b0
0x0000700000216b60:   0000700000217200 0000700000216bd0
0x0000700000216b70:   0000700000216bd0 00007feb50766120
0x0000700000216b80:   00007000002174f8 00007000002183a0
0x0000700000216b90:   00007feb50766108 00000001197d1450
0x0000700000216ba0:   0000000000001400 0000700000218390
0x0000700000216bb0:   00007000002184a8 00007feb525a9608
0x0000700000216bc0:   0000000000000000 0000000000000000
0x0000700000216bd0:   0000000000001000 ffffffffffffffff
0x0000700000216be0:   0000019000000002 0000000100000064
0x0000700000216bf0:   0000700000000064 3ff8000000000000
0x0000700000216c00:   3f847ae147ae147b 0000006400000000
0x0000700000216c10:   0000012cffffffff 3ff8000000000000
0x0000700000216c20:   000000030007a120 000001f400004e20
0x0000700000216c30:   0000000000000000 00000001198f0101 

Instructions: (pc=0x0000000119a1f217)
0x0000000119a1f1f7:   04 10 83 f8 01 0f 84 7e 01 00 00 41 8b 36 48 89
0x0000000119a1f207:   74 24 28 48 8b 7c 24 20 e8 ec d3 fe ff 49 89 c5
0x0000000119a1f217:   41 8b 75 14 48 8b 44 24 48 39 c6 75 11 41 8b 75
0x0000000119a1f227:   18 41 89 75 14 48 8b 44 24 48 41 89 45 18 41 8b 

Register to memory mapping:

RAX=0x0000000052ac0a18 is an unknown value
RBX=0x00007feb54102338 is an unknown value
RCX=0x0000000100000000 is an unknown value
RDX=0x0000000000000016 is an unknown value
RSP=0x0000700000216a40 is pointing into the stack for thread: 0x00007feb52006000
RBP=0x00007feb54102330 is an unknown value
RSI=0x0000000052ac0a18 is an unknown value
RDI=0x0000700000216ce0 is pointing into the stack for thread: 0x00007feb52006000
R8 =0x0000000000000002 is an unknown value
R9 =0x00000000c0000000 is an unknown value
R10=0x000000006052e0fa is an unknown value
R11=0x00007feb50400000 is an unknown value
R12=0x00007feb54102330 is an unknown value
R13=0x0000000052ac0a18 is an unknown value
R14=0x00007feb54102330 is an unknown value
R15=0x0000700000216bd0 is pointing into the stack for thread: 0x00007feb52006000


Stack: [0x000070000011a000,0x000070000021a000],  sp=0x0000700000216a40,  free space=1010k
Native frames: (J=compiled Java code, j=interpreted, Vv=VM code, C=native code)
C  [libz3.dylib+0x9f4217]  sat::solver::propagate_core(bool)+0x307

Java frames: (J=compiled Java code, j=interpreted, Vv=VM code)
j  com.microsoft.z3.Native.INTERNALsolverCheck(JJ)I+0
j  com.microsoft.z3.Native.solverCheck(JJ)I+2
j  com.microsoft.z3.Solver.check([Lcom/microsoft/z3/Expr;)Lcom/microsoft/z3/Status;+15
j  com.microsoft.z3.Solver.check()Lcom/microsoft/z3/Status;+5
j  gov.nasa.jpf.symbc.numeric.solvers.ProblemZ3BitVector.solve()Ljava/lang/Boolean;+120
j  gov.nasa.jpf.symbc.numeric.SymbolicConstraintsGeneral.isSatisfiable(Lgov/nasa/jpf/symbc/numeric/PathCondition;)Z+616
j  gov.nasa.jpf.symbc.numeric.PathCondition.simplifyOld()Z+48
j  gov.nasa.jpf.symbc.numeric.PathCondition.simplify()Z+7
j  gov.nasa.jpf.symbc.bytecode.optimization.util.IFInstrSymbHelper.getNextInstructionAndSetPCChoice(Lgov/nasa/jpf/vm/ThreadInfo;Lgov/nasa/jpf/jvm/bytecode/IfInstruction;Lgov/nasa/jpf/symbc/numeric/IntegerExpression;Lgov/nasa/jpf/symbc/numeric/IntegerExpression;Lgov/nasa/jpf/symbc/numeric/Comparator;Lgov/nasa/jpf/symbc/numeric/Comparator;)Lgov/nasa/jpf/vm/Instruction;+183
j  gov.nasa.jpf.symbc.bytecode.optimization.IF_ICMPGE.execute(Lgov/nasa/jpf/vm/ThreadInfo;)Lgov/nasa/jpf/vm/Instruction;+50
J 1690 C1 gov.nasa.jpf.vm.ThreadInfo.executeInstruction()Lgov/nasa/jpf/vm/Instruction; (224 bytes) @ 0x00000001037d0a64 [0x00000001037cf660+0x1404]
j  gov.nasa.jpf.vm.ThreadInfo.executeTransition(Lgov/nasa/jpf/vm/SystemState;)V+47
j  gov.nasa.jpf.vm.SystemState.executeNextTransition(Lgov/nasa/jpf/vm/VM;)V+86
j  gov.nasa.jpf.vm.VM.forward()Z+46
j  gov.nasa.jpf.search.Search.forward()Z+9
j  gov.nasa.jpf.search.DFSearch.search()V+77
j  gov.nasa.jpf.JPF.run()V+38
j  gov.nasa.jpf.JPF.start(Lgov/nasa/jpf/Config;[Ljava/lang/String;)V+78
v  ~StubRoutines::call_stub
j  sun.reflect.NativeMethodAccessorImpl.invoke0(Ljava/lang/reflect/Method;Ljava/lang/Object;[Ljava/lang/Object;)Ljava/lang/Object;+0
j  sun.reflect.NativeMethodAccessorImpl.invoke(Ljava/lang/Object;[Ljava/lang/Object;)Ljava/lang/Object;+100
j  sun.reflect.DelegatingMethodAccessorImpl.invoke(Ljava/lang/Object;[Ljava/lang/Object;)Ljava/lang/Object;+6
j  java.lang.reflect.Method.invoke(Ljava/lang/Object;[Ljava/lang/Object;)Ljava/lang/Object;+56
j  gov.nasa.jpf.tool.Run.call(Ljava/lang/Class;Ljava/lang/String;[Ljava/lang/Object;)Z+68
j  gov.nasa.jpf.tool.RunJPF.main([Ljava/lang/String;)V+175
v  ~StubRoutines::call_stub

---------------  P R O C E S S  ---------------

Java Threads: ( => current thread )
  0x00007feb51809000 JavaThread "Service Thread" daemon [_thread_blocked, id=18435, stack(0x0000700000dc1000,0x0000700000ec1000)]
  0x00007feb5205f800 JavaThread "C1 CompilerThread2" daemon [_thread_blocked, id=17923, stack(0x0000700000cbe000,0x0000700000dbe000)]
  0x00007feb5205f000 JavaThread "C2 CompilerThread1" daemon [_thread_blocked, id=17411, stack(0x0000700000bbb000,0x0000700000cbb000)]
  0x00007feb5205d000 JavaThread "C2 CompilerThread0" daemon [_thread_in_native, id=16899, stack(0x0000700000ab8000,0x0000700000bb8000)]
  0x00007feb52068000 JavaThread "Signal Dispatcher" daemon [_thread_blocked, id=13839, stack(0x00007000009b5000,0x0000700000ab5000)]
  0x00007feb51807000 JavaThread "Finalizer" daemon [_thread_blocked, id=12291, stack(0x000070000082f000,0x000070000092f000)]
  0x00007feb50809000 JavaThread "Reference Handler" daemon [_thread_blocked, id=11779, stack(0x000070000072c000,0x000070000082c000)]
=>0x00007feb52006000 JavaThread "main" [_thread_in_native, id=5891, stack(0x000070000011a000,0x000070000021a000)]

Other Threads:
  0x00007feb5203a000 VMThread [stack: 0x0000700000629000,0x0000700000729000] [id=11267]
  0x00007feb52069000 WatcherThread [stack: 0x0000700000ec4000,0x0000700000fc4000] [id=18947]

VM state:not at safepoint (normal execution)

VM Mutex/Monitor currently owned by a thread: None

Heap:
 PSYoungGen      total 272896K, used 26796K [0x00000007aab00000, 0x00000007c0000000, 0x00000007c0000000)
  eden space 262144K, 6% used [0x00000007aab00000,0x00000007abab0f98,0x00000007bab00000)
  from space 10752K, 99% used [0x00000007bab00000,0x00000007bb57a0e8,0x00000007bb580000)
  to   space 61952K, 0% used [0x00000007bc380000,0x00000007bc380000,0x00000007c0000000)
 ParOldGen       total 175104K, used 103002K [0x0000000780000000, 0x000000078ab00000, 0x00000007aab00000)
  object space 175104K, 58% used [0x0000000780000000,0x00000007864968d8,0x000000078ab00000)
 Metaspace       used 13826K, capacity 13942K, committed 14208K, reserved 1060864K
  class space    used 1774K, capacity 1813K, committed 1920K, reserved 1048576K

Card table byte_map: [0x0000000112570000,0x0000000112771000] byte_map_base: 0x000000010e970000

Marking Bits: (ParMarkBitMap*) 0x0000000102af35d0
 Begin Bits: [0x00000001128c7000, 0x00000001138c7000)
 End Bits:   [0x00000001138c7000, 0x00000001148c7000)

Polling page: 0x00000001019f2000

CodeCache: size=245760Kb used=7051Kb max_used=7063Kb free=238709Kb
 bounds [0x00000001031b0000, 0x00000001038a0000, 0x00000001121b0000]
 total_blobs=2328 nmethods=1930 adapters=311
 compilation: enabled

Compilation events (10 events):
Event: 3.356 Thread 0x00007feb5205f800 nmethod 1951 0x0000000103891bd0 code [0x0000000103891d60, 0x0000000103892208]
Event: 3.356 Thread 0x00007feb5205f800 1952       3       za.ac.sun.cs.green.expr.Visitor::preVisit (6 bytes)
Event: 3.356 Thread 0x00007feb5205f800 nmethod 1952 0x0000000103885510 code [0x0000000103885680, 0x0000000103885990]
Event: 3.356 Thread 0x00007feb5205f800 1953       3       za.ac.sun.cs.green.expr.Visitor::preVisit (6 bytes)
Event: 3.357 Thread 0x00007feb5205f800 nmethod 1953 0x0000000103891790 code [0x0000000103891900, 0x0000000103891b30]
Event: 3.357 Thread 0x00007feb5205f800 1954   !   3       gov.nasa.jpf.symbc.numeric.GreenPbTranslator::postVisit (32 bytes)
Event: 3.357 Thread 0x00007feb5205f800 nmethod 1954 0x0000000103890dd0 code [0x0000000103890f80, 0x0000000103891548]
Event: 3.363 Thread 0x00007feb5205f800 1957   !   3       gov.nasa.jpf.symbc.numeric.solvers.ProblemZ3BitVector::leq (100 bytes)
Event: 3.363 Thread 0x00007feb5205f000 1955       4       com.microsoft.z3.IDecRefQueue::storeReference (37 bytes)
Event: 3.366 Thread 0x00007feb5205f800 nmethod 1957 0x00000001038942d0 code [0x0000000103894700, 0x0000000103896e48]

GC Heap History (10 events):
Event: 0.872 GC heap before
{Heap before GC invocations=1 (full 0):
 PSYoungGen      total 76288K, used 65536K [0x00000007aab00000, 0x00000007b0000000, 0x00000007c0000000)
  eden space 65536K, 100% used [0x00000007aab00000,0x00000007aeb00000,0x00000007aeb00000)
  from space 10752K, 0% used [0x00000007af580000,0x00000007af580000,0x00000007b0000000)
  to   space 10752K, 0% used [0x00000007aeb00000,0x00000007aeb00000,0x00000007af580000)
 ParOldGen       total 175104K, used 0K [0x0000000780000000, 0x000000078ab00000, 0x00000007aab00000)
  object space 175104K, 0% used [0x0000000780000000,0x0000000780000000,0x000000078ab00000)
 Metaspace       used 9978K, capacity 10156K, committed 10368K, reserved 1058816K
  class space    used 1298K, capacity 1363K, committed 1408K, reserved 1048576K
Event: 0.885 GC heap after
Heap after GC invocations=1 (full 0):
 PSYoungGen      total 76288K, used 10720K [0x00000007aab00000, 0x00000007b4000000, 0x00000007c0000000)
  eden space 65536K, 0% used [0x00000007aab00000,0x00000007aab00000,0x00000007aeb00000)
  from space 10752K, 99% used [0x00000007aeb00000,0x00000007af578350,0x00000007af580000)
  to   space 10752K, 0% used [0x00000007b3580000,0x00000007b3580000,0x00000007b4000000)
 ParOldGen       total 175104K, used 93K [0x0000000780000000, 0x000000078ab00000, 0x00000007aab00000)
  object space 175104K, 0% used [0x0000000780000000,0x0000000780017500,0x000000078ab00000)
 Metaspace       used 9978K, capacity 10156K, committed 10368K, reserved 1058816K
  class space    used 1298K, capacity 1363K, committed 1408K, reserved 1048576K
}
Event: 1.035 GC heap before
{Heap before GC invocations=2 (full 0):
 PSYoungGen      total 76288K, used 76256K [0x00000007aab00000, 0x00000007b4000000, 0x00000007c0000000)
  eden space 65536K, 100% used [0x00000007aab00000,0x00000007aeb00000,0x00000007aeb00000)
  from space 10752K, 99% used [0x00000007aeb00000,0x00000007af578350,0x00000007af580000)
  to   space 10752K, 0% used [0x00000007b3580000,0x00000007b3580000,0x00000007b4000000)
 ParOldGen       total 175104K, used 93K [0x0000000780000000, 0x000000078ab00000, 0x00000007aab00000)
  object space 175104K, 0% used [0x0000000780000000,0x0000000780017500,0x000000078ab00000)
 Metaspace       used 10007K, capacity 10156K, committed 10368K, reserved 1058816K
  class space    used 1301K, capacity 1363K, committed 1408K, reserved 1048576K
Event: 1.052 GC heap after
Heap after GC invocations=2 (full 0):
 PSYoungGen      total 141824K, used 10741K [0x00000007aab00000, 0x00000007b4000000, 0x00000007c0000000)
  eden space 131072K, 0% used [0x00000007aab00000,0x00000007aab00000,0x00000007b2b00000)
  from space 10752K, 99% used [0x00000007b3580000,0x00000007b3ffd500,0x00000007b4000000)
  to   space 10752K, 0% used [0x00000007b2b00000,0x00000007b2b00000,0x00000007b3580000)
 ParOldGen       total 175104K, used 10343K [0x0000000780000000, 0x000000078ab00000, 0x00000007aab00000)
  object space 175104K, 5% used [0x0000000780000000,0x0000000780a19d50,0x000000078ab00000)
 Metaspace       used 10007K, capacity 10156K, committed 10368K, reserved 1058816K
  class space    used 1301K, capacity 1363K, committed 1408K, reserved 1048576K
}
Event: 1.388 GC heap before
{Heap before GC invocations=3 (full 0):
 PSYoungGen      total 141824K, used 141813K [0x00000007aab00000, 0x00000007b4000000, 0x00000007c0000000)
  eden space 131072K, 100% used [0x00000007aab00000,0x00000007b2b00000,0x00000007b2b00000)
  from space 10752K, 99% used [0x00000007b3580000,0x00000007b3ffd500,0x00000007b4000000)
  to   space 10752K, 0% used [0x00000007b2b00000,0x00000007b2b00000,0x00000007b3580000)
 ParOldGen       total 175104K, used 10343K [0x0000000780000000, 0x000000078ab00000, 0x00000007aab00000)
  object space 175104K, 5% used [0x0000000780000000,0x0000000780a19d50,0x000000078ab00000)
 Metaspace       used 10050K, capacity 10156K, committed 10368K, reserved 1058816K
  class space    used 1303K, capacity 1363K, committed 1408K, reserved 1048576K
Event: 1.434 GC heap after
Heap after GC invocations=3 (full 0):
 PSYoungGen      total 141824K, used 10728K [0x00000007aab00000, 0x00000007bc000000, 0x00000007c0000000)
  eden space 131072K, 0% used [0x00000007aab00000,0x00000007aab00000,0x00000007b2b00000)
  from space 10752K, 99% used [0x00000007b2b00000,0x00000007b357a220,0x00000007b3580000)
  to   space 10752K, 0% used [0x00000007bb580000,0x00000007bb580000,0x00000007bc000000)
 ParOldGen       total 175104K, used 35349K [0x0000000780000000, 0x000000078ab00000, 0x00000007aab00000)
  object space 175104K, 20% used [0x0000000780000000,0x00000007822857c0,0x000000078ab00000)
 Metaspace       used 10050K, capacity 10156K, committed 10368K, reserved 1058816K
  class space    used 1303K, capacity 1363K, committed 1408K, reserved 1048576K
}
Event: 1.976 GC heap before
{Heap before GC invocations=4 (full 0):
 PSYoungGen      total 141824K, used 141800K [0x00000007aab00000, 0x00000007bc000000, 0x00000007c0000000)
  eden space 131072K, 100% used [0x00000007aab00000,0x00000007b2b00000,0x00000007b2b00000)
  from space 10752K, 99% used [0x00000007b2b00000,0x00000007b357a220,0x00000007b3580000)
  to   space 10752K, 0% used [0x00000007bb580000,0x00000007bb580000,0x00000007bc000000)
 ParOldGen       total 175104K, used 35349K [0x0000000780000000, 0x000000078ab00000, 0x00000007aab00000)
  object space 175104K, 20% used [0x0000000780000000,0x00000007822857c0,0x000000078ab00000)
 Metaspace       used 10419K, capacity 10582K, committed 10624K, reserved 1058816K
  class space    used 1336K, capacity 1397K, committed 1408K, reserved 1048576K
Event: 2.021 GC heap after
Heap after GC invocations=4 (full 0):
 PSYoungGen      total 272896K, used 10748K [0x00000007aab00000, 0x00000007bc000000, 0x00000007c0000000)
  eden space 262144K, 0% used [0x00000007aab00000,0x00000007aab00000,0x00000007bab00000)
  from space 10752K, 99% used [0x00000007bb580000,0x00000007bbfff178,0x00000007bc000000)
  to   space 10752K, 0% used [0x00000007bab00000,0x00000007bab00000,0x00000007bb580000)
 ParOldGen       total 175104K, used 59914K [0x0000000780000000, 0x000000078ab00000, 0x00000007aab00000)
  object space 175104K, 34% used [0x0000000780000000,0x0000000783a82818,0x000000078ab00000)
 Metaspace       used 10419K, capacity 10582K, committed 10624K, reserved 1058816K
  class space    used 1336K, capacity 1397K, committed 1408K, reserved 1048576K
}
Event: 2.916 GC heap before
{Heap before GC invocations=5 (full 0):
 PSYoungGen      total 272896K, used 272892K [0x00000007aab00000, 0x00000007bc000000, 0x00000007c0000000)
  eden space 262144K, 100% used [0x00000007aab00000,0x00000007bab00000,0x00000007bab00000)
  from space 10752K, 99% used [0x00000007bb580000,0x00000007bbfff178,0x00000007bc000000)
  to   space 10752K, 0% used [0x00000007bab00000,0x00000007bab00000,0x00000007bb580000)
 ParOldGen       total 175104K, used 59914K [0x0000000780000000, 0x000000078ab00000, 0x00000007aab00000)
  object space 175104K, 34% used [0x0000000780000000,0x0000000783a82818,0x000000078ab00000)
 Metaspace       used 12055K, capacity 12150K, committed 12416K, reserved 1060864K
  class space    used 1580K, capacity 1621K, committed 1664K, reserved 1048576K
Event: 3.016 GC heap after
Heap after GC invocations=5 (full 0):
 PSYoungGen      total 272896K, used 10728K [0x00000007aab00000, 0x00000007c0000000, 0x00000007c0000000)
  eden space 262144K, 0% used [0x00000007aab00000,0x00000007aab00000,0x00000007bab00000)
  from space 10752K, 99% used [0x00000007bab00000,0x00000007bb57a0e8,0x00000007bb580000)
  to   space 61952K, 0% used [0x00000007bc380000,0x00000007bc380000,0x00000007c0000000)
 ParOldGen       total 175104K, used 103002K [0x0000000780000000, 0x000000078ab00000, 0x00000007aab00000)
  object space 175104K, 58% used [0x0000000780000000,0x00000007864968d8,0x000000078ab00000)
 Metaspace       used 12055K, capacity 12150K, committed 12416K, reserved 1060864K
  class space    used 1580K, capacity 1621K, committed 1664K, reserved 1048576K
}

Deoptimization events (10 events):
Event: 1.809 Thread 0x00007feb52006000 Uncommon trap: reason=class_check action=maybe_recompile pc=0x000000010334496c method=sun.misc.URLClassPath.getLoader(I)Lsun/misc/URLClassPath$Loader; @ 94
Event: 1.810 Thread 0x00007feb52006000 Uncommon trap: reason=class_check action=maybe_recompile pc=0x0000000103385cdc method=sun.misc.URLClassPath.getResource(Ljava/lang/String;Z)Lsun/misc/Resource; @ 62
Event: 1.812 Thread 0x00007feb52006000 Uncommon trap: reason=class_check action=maybe_recompile pc=0x00000001034e4180 method=java.util.LinkedHashMap.afterNodeInsertion(Z)V @ 15
Event: 1.813 Thread 0x00007feb52006000 Uncommon trap: reason=unstable_if action=reinterpret pc=0x00000001034fcc64 method=java.util.zip.ZipEntry.setExtra0([BZ)V @ 32
Event: 1.815 Thread 0x00007feb52006000 Uncommon trap: reason=null_assert action=make_not_entrant pc=0x00000001034bd864 method=java.util.zip.ZipEntry.<init>(Ljava/util/zip/ZipEntry;)V @ 70
Event: 1.818 Thread 0x00007feb52006000 Uncommon trap: reason=null_assert action=make_not_entrant pc=0x00000001034d1530 method=java.util.zip.ZipEntry.<init>(Ljava/util/zip/ZipEntry;)V @ 70
Event: 1.822 Thread 0x00007feb52006000 Uncommon trap: reason=null_assert action=make_not_entrant pc=0x0000000103500d30 method=java.util.zip.ZipEntry.<init>(Ljava/util/zip/ZipEntry;)V @ 70
Event: 1.831 Thread 0x00007feb52006000 Uncommon trap: reason=unstable_if action=reinterpret pc=0x00000001034b197c method=java.util.HashMap.getNode(ILjava/lang/Object;)Ljava/util/HashMap$Node; @ 129
Event: 1.831 Thread 0x00007feb52006000 Uncommon trap: reason=class_check action=maybe_recompile pc=0x00000001034f0efc method=java.util.HashMap.putVal(ILjava/lang/Object;Ljava/lang/Object;ZZ)Ljava/lang/Object; @ 203
Event: 3.144 Thread 0x00007feb52006000 Uncommon trap: reason=class_check action=maybe_recompile pc=0x00000001034e4180 method=java.util.LinkedHashMap.afterNodeInsertion(Z)V @ 15

Internal exceptions (10 events):
Event: 0.102 Thread 0x00007feb52006000 Exception <a 'java/security/PrivilegedActionException'> (0x00000007aabbdd68) thrown at [/Users/java_re/workspace/8-2-build-macosx-x86_64/jdk8u144/9417/hotspot/src/share/vm/prims/jvm.cpp, line 1390]
Event: 0.102 Thread 0x00007feb52006000 Exception <a 'java/security/PrivilegedActionException'> (0x00000007aabbdf78) thrown at [/Users/java_re/workspace/8-2-build-macosx-x86_64/jdk8u144/9417/hotspot/src/share/vm/prims/jvm.cpp, line 1390]
Event: 0.143 Thread 0x00007feb52006000 Exception <a 'java/security/PrivilegedActionException'> (0x00000007ab030870) thrown at [/Users/java_re/workspace/8-2-build-macosx-x86_64/jdk8u144/9417/hotspot/src/share/vm/prims/jvm.cpp, line 1390]
Event: 0.143 Thread 0x00007feb52006000 Exception <a 'java/security/PrivilegedActionException'> (0x00000007ab030a80) thrown at [/Users/java_re/workspace/8-2-build-macosx-x86_64/jdk8u144/9417/hotspot/src/share/vm/prims/jvm.cpp, line 1390]
Event: 0.146 Thread 0x00007feb52006000 Exception <a 'java/security/PrivilegedActionException'> (0x00000007ab04d6e0) thrown at [/Users/java_re/workspace/8-2-build-macosx-x86_64/jdk8u144/9417/hotspot/src/share/vm/prims/jvm.cpp, line 1390]
Event: 0.146 Thread 0x00007feb52006000 Exception <a 'java/security/PrivilegedActionException'> (0x00000007ab04d8f0) thrown at [/Users/java_re/workspace/8-2-build-macosx-x86_64/jdk8u144/9417/hotspot/src/share/vm/prims/jvm.cpp, line 1390]
Event: 0.349 Thread 0x00007feb52006000 Exception <a 'java/security/PrivilegedActionException'> (0x00000007abfdb6e8) thrown at [/Users/java_re/workspace/8-2-build-macosx-x86_64/jdk8u144/9417/hotspot/src/share/vm/prims/jvm.cpp, line 1390]
Event: 0.349 Thread 0x00007feb52006000 Exception <a 'java/security/PrivilegedActionException'> (0x00000007abfdbcc8) thrown at [/Users/java_re/workspace/8-2-build-macosx-x86_64/jdk8u144/9417/hotspot/src/share/vm/prims/jvm.cpp, line 1390]
Event: 0.349 Thread 0x00007feb52006000 Exception <a 'java/security/PrivilegedActionException'> (0x00000007abfdf5b0) thrown at [/Users/java_re/workspace/8-2-build-macosx-x86_64/jdk8u144/9417/hotspot/src/share/vm/prims/jvm.cpp, line 1390]
Event: 0.349 Thread 0x00007feb52006000 Exception <a 'java/security/PrivilegedActionException'> (0x00000007abfdfb90) thrown at [/Users/java_re/workspace/8-2-build-macosx-x86_64/jdk8u144/9417/hotspot/src/share/vm/prims/jvm.cpp, line 1390]

Events (10 events):
Event: 3.320 loading class gov/nasa/jpf/symbc/string/StringComparator$25
Event: 3.320 loading class gov/nasa/jpf/symbc/string/StringComparator$25 done
Event: 3.320 loading class gov/nasa/jpf/symbc/string/StringComparator$26
Event: 3.320 loading class gov/nasa/jpf/symbc/string/StringComparator$26 done
Event: 3.320 loading class gov/nasa/jpf/symbc/string/StringComparator$27
Event: 3.320 loading class gov/nasa/jpf/symbc/string/StringComparator$27 done
Event: 3.321 loading class gov/nasa/jpf/symbc/string/StringComparator$28
Event: 3.321 loading class gov/nasa/jpf/symbc/string/StringComparator$28 done
Event: 3.321 loading class gov/nasa/jpf/symbc/string/StringOperator
Event: 3.321 loading class gov/nasa/jpf/symbc/string/StringOperator done


Dynamic libraries:
0x0000000005067000 	/System/Library/Frameworks/Cocoa.framework/Versions/A/Cocoa
0x0000000005067000 	/System/Library/Frameworks/Security.framework/Versions/A/Security
0x0000000005067000 	/System/Library/Frameworks/ApplicationServices.framework/Versions/A/ApplicationServices
0x0000000005067000 	/usr/lib/libz.1.dylib
0x0000000005067000 	/usr/lib/libSystem.B.dylib
0x0000000005067000 	/usr/lib/libobjc.A.dylib
0x0000000005067000 	/System/Library/Frameworks/CoreFoundation.framework/Versions/A/CoreFoundation
0x0000000005067000 	/System/Library/Frameworks/Foundation.framework/Versions/C/Foundation
0x0000000005067000 	/System/Library/Frameworks/AppKit.framework/Versions/C/AppKit
0x0000000005067000 	/System/Library/Frameworks/CoreData.framework/Versions/A/CoreData
0x0000000005067000 	/System/Library/PrivateFrameworks/RemoteViewServices.framework/Versions/A/RemoteViewServices
0x0000000005067000 	/System/Library/PrivateFrameworks/UIFoundation.framework/Versions/A/UIFoundation
0x0000000005067000 	/usr/lib/libScreenReader.dylib
0x0000000005067000 	/System/Library/Frameworks/Accelerate.framework/Versions/A/Accelerate
0x0000000005067000 	/System/Library/Frameworks/IOSurface.framework/Versions/A/IOSurface
0x0000000005067000 	/System/Library/Frameworks/AudioToolbox.framework/Versions/A/AudioToolbox
0x0000000005067000 	/System/Library/Frameworks/AudioUnit.framework/Versions/A/AudioUnit
0x0000000005067000 	/System/Library/PrivateFrameworks/DataDetectorsCore.framework/Versions/A/DataDetectorsCore
0x0000000005067000 	/System/Library/PrivateFrameworks/DesktopServicesPriv.framework/Versions/A/DesktopServicesPriv
0x0000000005067000 	/System/Library/Frameworks/Carbon.framework/Versions/A/Frameworks/HIToolbox.framework/Versions/A/HIToolbox
0x0000000005067000 	/System/Library/Frameworks/QuartzCore.framework/Versions/A/QuartzCore
0x0000000005067000 	/System/Library/Frameworks/Carbon.framework/Versions/A/Frameworks/SpeechRecognition.framework/Versions/A/SpeechRecognition
0x0000000005067000 	/usr/lib/libauto.dylib
0x0000000005067000 	/usr/lib/libicucore.A.dylib
0x0000000005067000 	/usr/lib/libxml2.2.dylib
0x0000000005067000 	/System/Library/PrivateFrameworks/CoreUI.framework/Versions/A/CoreUI
0x0000000005067000 	/System/Library/Frameworks/CoreAudio.framework/Versions/A/CoreAudio
0x0000000005067000 	/System/Library/Frameworks/DiskArbitration.framework/Versions/A/DiskArbitration
0x0000000005067000 	/usr/lib/liblangid.dylib
0x0000000005067000 	/System/Library/PrivateFrameworks/MultitouchSupport.framework/Versions/A/MultitouchSupport
0x0000000005067000 	/System/Library/Frameworks/IOKit.framework/Versions/A/IOKit
0x0000000005067000 	/usr/lib/libDiagnosticMessagesClient.dylib
0x0000000005067000 	/System/Library/Frameworks/CoreServices.framework/Versions/A/CoreServices
0x0000000005067000 	/System/Library/PrivateFrameworks/PerformanceAnalysis.framework/Versions/A/PerformanceAnalysis
0x0000000005067000 	/System/Library/PrivateFrameworks/GenerationalStorage.framework/Versions/A/GenerationalStorage
0x0000000005067000 	/System/Library/Frameworks/OpenGL.framework/Versions/A/OpenGL
0x0000000005067000 	/System/Library/PrivateFrameworks/Sharing.framework/Versions/A/Sharing
0x0000000005067000 	/System/Library/Frameworks/CoreGraphics.framework/Versions/A/CoreGraphics
0x0000000005067000 	/System/Library/Frameworks/CoreImage.framework/Versions/A/CoreImage
0x0000000005067000 	/System/Library/Frameworks/CoreText.framework/Versions/A/CoreText
0x0000000005067000 	/System/Library/Frameworks/ImageIO.framework/Versions/A/ImageIO
0x0000000005067000 	/System/Library/PrivateFrameworks/Backup.framework/Versions/A/Backup
0x0000000005067000 	/usr/lib/libextension.dylib
0x0000000005067000 	/usr/lib/libarchive.2.dylib
0x0000000005067000 	/System/Library/Frameworks/CFNetwork.framework/Versions/A/CFNetwork
0x0000000005067000 	/System/Library/Frameworks/SystemConfiguration.framework/Versions/A/SystemConfiguration
0x0000000005067000 	/usr/lib/libCRFSuite.dylib
0x0000000005067000 	/usr/lib/libc++.1.dylib
0x0000000005067000 	/usr/lib/libc++abi.dylib
0x0000000005067000 	/usr/lib/system/libcache.dylib
0x0000000005067000 	/usr/lib/system/libcommonCrypto.dylib
0x0000000005067000 	/usr/lib/system/libcompiler_rt.dylib
0x0000000005067000 	/usr/lib/system/libcopyfile.dylib
0x0000000005067000 	/usr/lib/system/libcorecrypto.dylib
0x0000000005067000 	/usr/lib/system/libdispatch.dylib
0x0000000005067000 	/usr/lib/system/libdyld.dylib
0x0000000005067000 	/usr/lib/system/libkeymgr.dylib
0x0000000005067000 	/usr/lib/system/liblaunch.dylib
0x0000000005067000 	/usr/lib/system/libmacho.dylib
0x0000000005067000 	/usr/lib/system/libquarantine.dylib
0x0000000005067000 	/usr/lib/system/libremovefile.dylib
0x0000000005067000 	/usr/lib/system/libsystem_asl.dylib
0x0000000005067000 	/usr/lib/system/libsystem_blocks.dylib
0x0000000005067000 	/usr/lib/system/libsystem_c.dylib
0x0000000005067000 	/usr/lib/system/libsystem_configuration.dylib
0x0000000005067000 	/usr/lib/system/libsystem_coreservices.dylib
0x0000000005067000 	/usr/lib/system/libsystem_coretls.dylib
0x0000000005067000 	/usr/lib/system/libsystem_dnssd.dylib
0x0000000005067000 	/usr/lib/system/libsystem_info.dylib
0x0000000005067000 	/usr/lib/system/libsystem_kernel.dylib
0x0000000005067000 	/usr/lib/system/libsystem_m.dylib
0x0000000005067000 	/usr/lib/system/libsystem_malloc.dylib
0x0000000005067000 	/usr/lib/system/libsystem_network.dylib
0x0000000005067000 	/usr/lib/system/libsystem_networkextension.dylib
0x0000000005067000 	/usr/lib/system/libsystem_notify.dylib
0x0000000005067000 	/usr/lib/system/libsystem_platform.dylib
0x0000000005067000 	/usr/lib/system/libsystem_pthread.dylib
0x0000000005067000 	/usr/lib/system/libsystem_sandbox.dylib
0x0000000005067000 	/usr/lib/system/libsystem_secinit.dylib
0x0000000005067000 	/usr/lib/system/libsystem_trace.dylib
0x0000000005067000 	/usr/lib/system/libunc.dylib
0x0000000005067000 	/usr/lib/system/libunwind.dylib
0x0000000005067000 	/usr/lib/system/libxpc.dylib
0x0000000005067000 	/usr/lib/libenergytrace.dylib
0x0000000005067000 	/usr/lib/libbsm.0.dylib
0x0000000005067000 	/usr/lib/system/libkxld.dylib
0x0000000005067000 	/usr/lib/libxar.1.dylib
0x0000000005067000 	/usr/lib/libsqlite3.dylib
0x0000000005067000 	/usr/lib/libpam.2.dylib
0x0000000005067000 	/usr/lib/libOpenScriptingUtil.dylib
0x0000000005067000 	/usr/lib/libbz2.1.0.dylib
0x0000000005067000 	/usr/lib/liblzma.5.dylib
0x0000000005067000 	/System/Library/Frameworks/CoreServices.framework/Versions/A/Frameworks/FSEvents.framework/Versions/A/FSEvents
0x0000000005067000 	/System/Library/Frameworks/CoreServices.framework/Versions/A/Frameworks/CarbonCore.framework/Versions/A/CarbonCore
0x0000000005067000 	/System/Library/Frameworks/CoreServices.framework/Versions/A/Frameworks/Metadata.framework/Versions/A/Metadata
0x0000000005067000 	/System/Library/Frameworks/CoreServices.framework/Versions/A/Frameworks/OSServices.framework/Versions/A/OSServices
0x0000000005067000 	/System/Library/Frameworks/CoreServices.framework/Versions/A/Frameworks/SearchKit.framework/Versions/A/SearchKit
0x0000000005067000 	/System/Library/Frameworks/CoreServices.framework/Versions/A/Frameworks/AE.framework/Versions/A/AE
0x0000000005067000 	/System/Library/Frameworks/CoreServices.framework/Versions/A/Frameworks/LaunchServices.framework/Versions/A/LaunchServices
0x0000000005067000 	/System/Library/Frameworks/CoreServices.framework/Versions/A/Frameworks/DictionaryServices.framework/Versions/A/DictionaryServices
0x0000000005067000 	/System/Library/Frameworks/CoreServices.framework/Versions/A/Frameworks/SharedFileList.framework/Versions/A/SharedFileList
0x0000000005067000 	/System/Library/Frameworks/NetFS.framework/Versions/A/NetFS
0x0000000005067000 	/System/Library/PrivateFrameworks/NetAuth.framework/Versions/A/NetAuth
0x0000000005067000 	/System/Library/PrivateFrameworks/login.framework/Versions/A/Frameworks/loginsupport.framework/Versions/A/loginsupport
0x0000000005067000 	/System/Library/PrivateFrameworks/TCC.framework/Versions/A/TCC
0x0000000005067000 	/usr/lib/libmecabra.dylib
0x0000000005067000 	/System/Library/Frameworks/ApplicationServices.framework/Versions/A/Frameworks/ATS.framework/Versions/A/ATS
0x0000000005067000 	/System/Library/Frameworks/ApplicationServices.framework/Versions/A/Frameworks/ColorSync.framework/Versions/A/ColorSync
0x0000000005067000 	/System/Library/Frameworks/ApplicationServices.framework/Versions/A/Frameworks/HIServices.framework/Versions/A/HIServices
0x0000000005067000 	/System/Library/Frameworks/ApplicationServices.framework/Versions/A/Frameworks/LangAnalysis.framework/Versions/A/LangAnalysis
0x0000000005067000 	/System/Library/Frameworks/ApplicationServices.framework/Versions/A/Frameworks/PrintCore.framework/Versions/A/PrintCore
0x0000000005067000 	/System/Library/Frameworks/ApplicationServices.framework/Versions/A/Frameworks/QD.framework/Versions/A/QD
0x0000000005067000 	/System/Library/Frameworks/ApplicationServices.framework/Versions/A/Frameworks/SpeechSynthesis.framework/Versions/A/SpeechSynthesis
0x0000000005067000 	/System/Library/Frameworks/Metal.framework/Versions/A/Metal
0x0000000005067000 	/System/Library/Frameworks/Accelerate.framework/Versions/A/Frameworks/vImage.framework/Versions/A/vImage
0x0000000005067000 	/System/Library/Frameworks/Accelerate.framework/Versions/A/Frameworks/vecLib.framework/Versions/A/vecLib
0x0000000005067000 	/System/Library/Frameworks/Accelerate.framework/Versions/A/Frameworks/vecLib.framework/Versions/A/libvDSP.dylib
0x0000000005067000 	/System/Library/Frameworks/Accelerate.framework/Versions/A/Frameworks/vecLib.framework/Versions/A/libvMisc.dylib
0x0000000005067000 	/System/Library/Frameworks/Accelerate.framework/Versions/A/Frameworks/vecLib.framework/Versions/A/libLAPACK.dylib
0x0000000005067000 	/System/Library/Frameworks/Accelerate.framework/Versions/A/Frameworks/vecLib.framework/Versions/A/libBLAS.dylib
0x0000000005067000 	/System/Library/Frameworks/Accelerate.framework/Versions/A/Frameworks/vecLib.framework/Versions/A/libLinearAlgebra.dylib
0x0000000005067000 	/System/Library/Frameworks/Accelerate.framework/Versions/A/Frameworks/vecLib.framework/Versions/A/libSparseBLAS.dylib
0x0000000005067000 	/System/Library/PrivateFrameworks/GPUCompiler.framework/libmetal_timestamp.dylib
0x0000000005067000 	/System/Library/Frameworks/OpenGL.framework/Versions/A/Libraries/libCoreFSCache.dylib
0x0000000005067000 	/System/Library/PrivateFrameworks/IOAccelerator.framework/Versions/A/IOAccelerator
0x0000000005067000 	/System/Library/Frameworks/ApplicationServices.framework/Versions/A/Frameworks/ATS.framework/Versions/A/Resources/libFontParser.dylib
0x0000000005067000 	/System/Library/Frameworks/ApplicationServices.framework/Versions/A/Frameworks/ATS.framework/Versions/A/Resources/libFontRegistry.dylib
0x0000000005067000 	/System/Library/PrivateFrameworks/AppleVPA.framework/Versions/A/AppleVPA
0x0000000005067000 	/System/Library/PrivateFrameworks/AppleJPEG.framework/Versions/A/AppleJPEG
0x0000000005067000 	/System/Library/Frameworks/ImageIO.framework/Versions/A/Resources/libJPEG.dylib
0x0000000005067000 	/System/Library/Frameworks/ImageIO.framework/Versions/A/Resources/libTIFF.dylib
0x0000000005067000 	/System/Library/Frameworks/ImageIO.framework/Versions/A/Resources/libPng.dylib
0x0000000005067000 	/System/Library/Frameworks/ImageIO.framework/Versions/A/Resources/libGIF.dylib
0x0000000005067000 	/System/Library/Frameworks/ImageIO.framework/Versions/A/Resources/libJP2.dylib
0x0000000005067000 	/System/Library/Frameworks/ImageIO.framework/Versions/A/Resources/libRadiance.dylib
0x0000000005067000 	/System/Library/Frameworks/CoreVideo.framework/Versions/A/CoreVideo
0x0000000005067000 	/System/Library/Frameworks/OpenGL.framework/Versions/A/Libraries/libGLU.dylib
0x0000000005067000 	/System/Library/Frameworks/OpenGL.framework/Versions/A/Libraries/libGFXShared.dylib
0x0000000005067000 	/System/Library/Frameworks/OpenGL.framework/Versions/A/Libraries/libGL.dylib
0x0000000005067000 	/System/Library/Frameworks/OpenGL.framework/Versions/A/Libraries/libGLImage.dylib
0x0000000005067000 	/System/Library/Frameworks/OpenGL.framework/Versions/A/Libraries/libCVMSPluginSupport.dylib
0x0000000005067000 	/System/Library/Frameworks/OpenGL.framework/Versions/A/Libraries/libCoreVMClient.dylib
0x0000000005067000 	/usr/lib/libcompression.dylib
0x0000000005067000 	/usr/lib/libcups.2.dylib
0x0000000005067000 	/System/Library/Frameworks/Kerberos.framework/Versions/A/Kerberos
0x0000000005067000 	/System/Library/Frameworks/GSS.framework/Versions/A/GSS
0x0000000005067000 	/usr/lib/libresolv.9.dylib
0x0000000005067000 	/usr/lib/libiconv.2.dylib
0x0000000005067000 	/System/Library/PrivateFrameworks/Heimdal.framework/Versions/A/Heimdal
0x0000000005067000 	/usr/lib/libheimdal-asn1.dylib
0x0000000005067000 	/System/Library/Frameworks/OpenDirectory.framework/Versions/A/OpenDirectory
0x0000000005067000 	/System/Library/PrivateFrameworks/CommonAuth.framework/Versions/A/CommonAuth
0x0000000005067000 	/System/Library/Frameworks/OpenDirectory.framework/Versions/A/Frameworks/CFOpenDirectory.framework/Versions/A/CFOpenDirectory
0x0000000005067000 	/System/Library/Frameworks/SecurityFoundation.framework/Versions/A/SecurityFoundation
0x0000000005067000 	/System/Library/PrivateFrameworks/LanguageModeling.framework/Versions/A/LanguageModeling
0x0000000005067000 	/usr/lib/libmarisa.dylib
0x0000000005067000 	/usr/lib/libChineseTokenizer.dylib
0x0000000005067000 	/usr/lib/libcmph.dylib
0x0000000005067000 	/System/Library/Frameworks/ServiceManagement.framework/Versions/A/ServiceManagement
0x0000000005067000 	/usr/lib/libxslt.1.dylib
0x0000000005067000 	/System/Library/Frameworks/Carbon.framework/Versions/A/Frameworks/Ink.framework/Versions/A/Ink
0x0000000005067000 	/usr/lib/libFosl_dynamic.dylib
0x0000000005067000 	/System/Library/PrivateFrameworks/FaceCore.framework/Versions/A/FaceCore
0x0000000005067000 	/System/Library/Frameworks/OpenCL.framework/Versions/A/OpenCL
0x0000000005067000 	/System/Library/PrivateFrameworks/CrashReporterSupport.framework/Versions/A/CrashReporterSupport
0x0000000005067000 	/System/Library/PrivateFrameworks/IconServices.framework/Versions/A/IconServices
0x0000000005067000 	/System/Library/PrivateFrameworks/Apple80211.framework/Versions/A/Apple80211
0x0000000005067000 	/System/Library/Frameworks/CoreWLAN.framework/Versions/A/CoreWLAN
0x0000000005067000 	/System/Library/Frameworks/IOBluetooth.framework/Versions/A/IOBluetooth
0x0000000005067000 	/System/Library/PrivateFrameworks/CoreWiFi.framework/Versions/A/CoreWiFi
0x0000000005067000 	/System/Library/Frameworks/CoreBluetooth.framework/Versions/A/CoreBluetooth
0x0000000005067000 	/System/Library/PrivateFrameworks/ChunkingLibrary.framework/Versions/A/ChunkingLibrary
0x0000000005067000 	/System/Library/PrivateFrameworks/DebugSymbols.framework/Versions/A/DebugSymbols
0x0000000005067000 	/System/Library/PrivateFrameworks/CoreSymbolication.framework/Versions/A/CoreSymbolication
0x0000000005067000 	/System/Library/PrivateFrameworks/Symbolication.framework/Versions/A/Symbolication
0x0000000005067000 	/System/Library/PrivateFrameworks/SpeechRecognitionCore.framework/Versions/A/SpeechRecognitionCore
0x0000000102200000 	/Library/Java/JavaVirtualMachines/jdk1.8.0_144.jdk/Contents/Home/jre/lib/server/libjvm.dylib
0x0000000005067000 	/usr/lib/libstdc++.6.dylib
0x00000001019af000 	/Library/Java/JavaVirtualMachines/jdk1.8.0_144.jdk/Contents/Home/jre/lib/libverify.dylib
0x00000001019bd000 	/Library/Java/JavaVirtualMachines/jdk1.8.0_144.jdk/Contents/Home/jre/lib/libjava.dylib
0x00000001031a7000 	/Library/Java/JavaVirtualMachines/jdk1.8.0_144.jdk/Contents/Home/jre/lib/libzip.dylib
0x0000000116583000 	/System/Library/Frameworks/JavaVM.framework/Frameworks/JavaRuntimeSupport.framework/JavaRuntimeSupport
0x000000011659e000 	/System/Library/Frameworks/JavaVM.framework/Versions/A/Frameworks/JavaNativeFoundation.framework/Versions/A/JavaNativeFoundation
0x00000001165b3000 	/System/Library/Frameworks/JavaVM.framework/Versions/A/JavaVM
0x0000000005067000 	/System/Library/Frameworks/Carbon.framework/Versions/A/Carbon
0x00000001165c0000 	/System/Library/PrivateFrameworks/JavaLaunching.framework/Versions/A/JavaLaunching
0x0000000005067000 	/System/Library/Frameworks/Carbon.framework/Versions/A/Frameworks/CommonPanels.framework/Versions/A/CommonPanels
0x0000000005067000 	/System/Library/Frameworks/Carbon.framework/Versions/A/Frameworks/Help.framework/Versions/A/Help
0x0000000005067000 	/System/Library/Frameworks/Carbon.framework/Versions/A/Frameworks/ImageCapture.framework/Versions/A/ImageCapture
0x0000000005067000 	/System/Library/Frameworks/Carbon.framework/Versions/A/Frameworks/OpenScripting.framework/Versions/A/OpenScripting
0x0000000005067000 	/System/Library/Frameworks/Carbon.framework/Versions/A/Frameworks/Print.framework/Versions/A/Print
0x0000000005067000 	/System/Library/Frameworks/Carbon.framework/Versions/A/Frameworks/SecurityHI.framework/Versions/A/SecurityHI
0x000000011844d000 	/Users/vaibhav/git_repos/jpf-symbc-veritesting/lib/libz3java.dylib
0x000000011902b000 	/Users/vaibhav/git_repos/jpf-symbc-veritesting/lib/libz3.dylib

VM Arguments:
jvm_args: -Djava.library.path=/Users/vaibhav/git_repos/jpf-symbc-veritesting/lib/ -Xmx1024m -ea -Dfile.encoding=UTF-8 
java_command: /Users/vaibhav/git_repos/jpf-core-veritesting/build/RunJPF.jar /Users/vaibhav/git_repos/jpf-symbc-veritesting/src/examples/tcas.jpf
java_class_path (initial): /Users/vaibhav/git_repos/jpf-core-veritesting/build/RunJPF.jar
Launcher Type: SUN_STANDARD

Environment Variables:
PATH=//anaconda/bin:/opt/local/bin:/opt/local/sbin:/usr/bin:/bin:/usr/sbin:/sbin:/usr/local/bin:/opt/X11/bin:/usr/local/MacGPG2/bin:/Library/TeX/texbin
SHELL=/bin/bash
DISPLAY=/private/tmp/com.apple.launchd.eu1CBrgYaU/org.macosforge.xquartz:0

Signal Handlers:
SIGSEGV: [libjvm.dylib+0x5b26e5], sa_mask[0]=11111111011111110111111111111111, sa_flags=SA_ONSTACK|SA_RESTART|SA_SIGINFO
SIGBUS: [libjvm.dylib+0x5b26e5], sa_mask[0]=11111111011111110111111111111111, sa_flags=SA_RESTART|SA_SIGINFO
SIGFPE: [libjvm.dylib+0x489100], sa_mask[0]=11111111011111110111111111111111, sa_flags=SA_RESTART|SA_SIGINFO
SIGPIPE: [libjvm.dylib+0x489100], sa_mask[0]=11111111011111110111111111111111, sa_flags=SA_RESTART|SA_SIGINFO
SIGXFSZ: [libjvm.dylib+0x489100], sa_mask[0]=11111111011111110111111111111111, sa_flags=SA_RESTART|SA_SIGINFO
SIGILL: [libjvm.dylib+0x489100], sa_mask[0]=11111111011111110111111111111111, sa_flags=SA_RESTART|SA_SIGINFO
SIGUSR1: SIG_DFL, sa_mask[0]=00000000000000000000000000000000, sa_flags=none
SIGUSR2: [libjvm.dylib+0x488c1e], sa_mask[0]=00100000000000000000000000000000, sa_flags=SA_RESTART|SA_SIGINFO
SIGHUP: [libjvm.dylib+0x4871f5], sa_mask[0]=11111111011111110111111111111111, sa_flags=SA_RESTART|SA_SIGINFO
SIGINT: [libjvm.dylib+0x4871f5], sa_mask[0]=11111111011111110111111111111111, sa_flags=SA_RESTART|SA_SIGINFO
SIGTERM: [libjvm.dylib+0x4871f5], sa_mask[0]=11111111011111110111111111111111, sa_flags=SA_RESTART|SA_SIGINFO
SIGQUIT: [libjvm.dylib+0x4871f5], sa_mask[0]=11111111011111110111111111111111, sa_flags=SA_RESTART|SA_SIGINFO


---------------  S Y S T E M  ---------------

OS:Bsduname:Darwin 15.6.0 Darwin Kernel Version 15.6.0: Thu Sep  1 15:01:16 PDT 2016; root:xnu-3248.60.11~2/RELEASE_X86_64 x86_64
rlimit: STACK 8192k, CORE 0k, NPROC 709, NOFILE 10240, AS infinity
load average:8.84 4.68 3.26

CPU:total 4 (initial active 4) (2 cores per cpu, 2 threads per core) family 6 model 69 stepping 1, cmov, cx8, fxsr, mmx, sse, sse2, sse3, ssse3, sse4.1, sse4.2, popcnt, avx, avx2, aes, clmul, erms, lzcnt, ht, tsc, tscinvbit, bmi1, bmi2

Memory: 4k page, physical 16777216k(425484k free)

/proc/meminfo:


vm_info: Java HotSpot(TM) 64-Bit Server VM (25.144-b01) for bsd-amd64 JRE (1.8.0_144-b01), built on Jul 21 2017 22:07:42 by "java_re" with gcc 4.2.1 (Based on Apple Inc. build 5658) (LLVM build 2336.11.00)

time: Tue Jan 16 13:21:55 2018
elapsed time: 3 seconds (0d 0h 0m 3s)

