#
# A fatal error has been detected by the Java Runtime Environment:
#
#  SIGBUS (0xa) at pc=0x0000000109dabe92, pid=20209, tid=0x0000000000000e03
#
# JRE version: Java(TM) SE Runtime Environment (8.0_131-b11) (build 1.8.0_131-b11)
# Java VM: Java HotSpot(TM) 64-Bit Server VM (25.131-b11 mixed mode bsd-amd64 compressed oops)
# Problematic frame:
# C  [libzip.dylib+0x2e92]  newEntry+0x154
#
# Failed to write core dump. Core dumps have been disabled. To enable core dumping, try "ulimit -c unlimited" before starting Java again
#
# If you would like to submit a bug report, please visit:
#   http://bugreport.java.com/bugreport/crash.jsp
# The crash happened outside the Java Virtual Machine in native code.
# See problematic frame for where to report the bug.
#

---------------  T H R E A D  ---------------

Current thread (0x00007feafa008800):  JavaThread "main" [_thread_in_native, id=3587, stack(0x00007000055da000,0x00007000056da000)]

siginfo: si_signo: 10 (SIGBUS), si_code: 2 (BUS_ADRERR), si_addr: 0x000000011e9253c6

Registers:
RAX=0x00007feaf9d38420, RBX=0x000000011e9253ba, RCX=0x0000000000000001, RDX=0x0000000000000900
RSP=0x00007000056d62f0, RBP=0x00007000056d6350, RSI=0x0000000080000000, RDI=0x0000000000000935
R8 =0x0000000000000048, R9 =0x00007feaf9c935a0, R10=0x0000000080000000, R11=0x0000000000000001
R12=0x00007feafa8a5600, R13=0x00000000000001d0, R14=0x000000005bf9d59b, R15=0x00007feaf9d36f40
RIP=0x0000000109dabe92, EFLAGS=0x0000000000010202, ERR=0x0000000000000004
  TRAPNO=0x000000000000000e

Top of Stack: (sp=0x00007000056d62f0)
0x00007000056d62f0:   0000000000000b10 00000000056d6380
0x00007000056d6300:   0000000000000006 0000000000000b10
0x00007000056d6310:   00007000056d6330 00007feaf9d38420
0x00007000056d6320:   00007feaf9c935a0 00007feaf9d38420
0x00007000056d6330:   00007feafa8a5600 00000000000001d0
0x00007000056d6340:   000000005bf9d59b 00007feaf9d36f40
0x00007000056d6350:   00007000056d63b0 0000000109dac52d
0x00007000056d6360:   00007000056d6402 00007000056d6401
0x00007000056d6370:   0000003200000000 0000003301008800
0x00007000056d6380:   00007000056d63ce 00007000056d6818
0x00007000056d6390:   0000000000000033 00007000056d63ce
0x00007000056d63a0:   00007feaf9d38420 00007feafa0089f8
0x00007000056d63b0:   00007000056d6800 0000000109dab238
0x00007000056d63c0:   00007000056d71e0 6f67000100000001
0x00007000056d63d0:   6a2f6173616e2f76 63626d79732f6670
0x00007000056d63e0:   696c6f626d79532f 63757274736e4963
0x00007000056d63f0:   746361466e6f6974 73616c632e79726f
0x00007000056d6400:   00007000056d0073 0000000100000000
0x00007000056d6410:   0000000000000001 00007feaf9c93670
0x00007000056d6420:   00007feaf9c93600 00007feafa008800
0x00007000056d6430:   00007feafa2c1200 000000010ab2be5e
0x00007000056d6440:   00000001000000b6 000000010ab2bef0
0x00007000056d6450:   00007feafa008800 00007feafa008800
0x00007000056d6460:   00007feaf9c0ae30 00007feaf9c0b010
0x00007000056d6470:   00007feaf9c0b0b8 00007feaf9c0b0f8
0x00007000056d6480:   00000000000000d8 00007000056d7a80
0x00007000056d6490:   00007000056d7400 00007fea00000000
0x00007000056d64a0:   00007000056d72a0 00007000056d70d0
0x00007000056d64b0:   00007000056d7640 000000010b6fad1c
0x00007000056d64c0:   000000010b6faa90 0000700000000000
0x00007000056d64d0:   00007000056d76e8 00007000056d7640
0x00007000056d64e0:   00007000056d7280 00007000056d7640 

Instructions: (pc=0x0000000109dabe92)
0x0000000109dabe72:   49 8b 7f 38 e8 5b 1b 00 00 4d 89 77 38 49 89 5f
0x0000000109dabe82:   40 4c 89 f0 48 85 c0 0f 84 11 05 00 00 48 89 c3
0x0000000109dabe92:   0f b6 43 0c 0f b6 4b 0d 48 c1 e1 08 48 01 c1 0f
0x0000000109dabea2:   b6 43 0e 0f b6 53 0f 48 c1 e2 08 48 01 c2 48 c1 

Register to memory mapping:

RAX=0x00007feaf9d38420 is an unknown value
RBX=0x000000011e9253ba is an unknown value
RCX=0x0000000000000001 is an unknown value
RDX=0x0000000000000900 is an unknown value
RSP=0x00007000056d62f0 is pointing into the stack for thread: 0x00007feafa008800
RBP=0x00007000056d6350 is pointing into the stack for thread: 0x00007feafa008800
RSI=0x0000000080000000 is an unknown value
RDI=0x0000000000000935 is an unknown value
R8 =0x0000000000000048 is an unknown value
R9 =0x00007feaf9c935a0 is an unknown value
R10=0x0000000080000000 is an unknown value
R11=0x0000000000000001 is an unknown value
R12=0x00007feafa8a5600 is an unknown value
R13=0x00000000000001d0 is an unknown value
R14=0x000000005bf9d59b is an unknown value
R15=0x00007feaf9d36f40 is an unknown value


Stack: [0x00007000055da000,0x00007000056da000],  sp=0x00007000056d62f0,  free space=1008k
Native frames: (J=compiled Java code, j=interpreted, Vv=VM code, C=native code)
C  [libzip.dylib+0x2e92]  newEntry+0x154
C  [libzip.dylib+0x352d]  ZIP_GetEntry2+0xd4
C  [libzip.dylib+0x2238]  Java_java_util_zip_ZipFile_getEntry+0xcf
J 115  java.util.zip.ZipFile.getEntry(J[BZ)J (0 bytes) @ 0x000000010b6c858e [0x000000010b6c84c0+0xce]
J 204 C2 sun.misc.URLClassPath$JarLoader.getResource(Ljava/lang/String;Z)Lsun/misc/Resource; (85 bytes) @ 0x000000010b700f24 [0x000000010b700a60+0x4c4]
J 155 C1 sun.misc.URLClassPath.getResource(Ljava/lang/String;Z)Lsun/misc/Resource; (83 bytes) @ 0x000000010b6df7ac [0x000000010b6df640+0x16c]
J 209 C1 java.net.URLClassLoader$1.run()Ljava/lang/Class; (63 bytes) @ 0x000000010b6fba84 [0x000000010b6fb860+0x224]
J 208 C1 java.net.URLClassLoader$1.run()Ljava/lang/Object; (5 bytes) @ 0x000000010b6fc2d4 [0x000000010b6fc240+0x94]
v  ~StubRoutines::call_stub
V  [libjvm.dylib+0x2ee5b6]  JavaCalls::call_helper(JavaValue*, methodHandle*, JavaCallArguments*, Thread*)+0x6ae
V  [libjvm.dylib+0x34ed14]  JVM_DoPrivileged+0x4b8
J 160  java.security.AccessController.doPrivileged(Ljava/security/PrivilegedExceptionAction;Ljava/security/AccessControlContext;)Ljava/lang/Object; (0 bytes) @ 0x000000010b6e0dd5 [0x000000010b6e0d00+0xd5]
J 181 C1 java.net.URLClassLoader.findClass(Ljava/lang/String;)Ljava/lang/Class; (47 bytes) @ 0x000000010b6eecfc [0x000000010b6eeb60+0x19c]
j  java.lang.ClassLoader.loadClass(Ljava/lang/String;Z)Ljava/lang/Class;+70
J 212 C1 java.lang.ClassLoader.loadClass(Ljava/lang/String;)Ljava/lang/Class; (7 bytes) @ 0x000000010b6fad1c [0x000000010b6fac00+0x11c]
j  gov.nasa.jpf.Config.asClass(Ljava/lang/String;)Ljava/lang/Class;+28
j  gov.nasa.jpf.Config.getClass(Ljava/lang/String;)Ljava/lang/Class;+6
j  gov.nasa.jpf.Config.getEssentialClass(Ljava/lang/String;)Ljava/lang/Class;+2
j  gov.nasa.jpf.Config.getEssentialInstance(Ljava/lang/String;Ljava/lang/Class;[Ljava/lang/Class;[Ljava/lang/Object;)Ljava/lang/Object;+2
j  gov.nasa.jpf.Config.getEssentialInstance(Ljava/lang/String;Ljava/lang/Class;)Ljava/lang/Object;+26
j  gov.nasa.jpf.jvm.JVMSystemClassLoaderInfo.createDefaultCodeBuilder(Lgov/nasa/jpf/Config;I)Lgov/nasa/jpf/jvm/JVMCodeBuilder;+12
j  gov.nasa.jpf.jvm.JVMSystemClassLoaderInfo.<init>(Lgov/nasa/jpf/vm/VM;I)V+12
v  ~StubRoutines::call_stub
V  [libjvm.dylib+0x2ee5b6]  JavaCalls::call_helper(JavaValue*, methodHandle*, JavaCallArguments*, Thread*)+0x6ae
V  [libjvm.dylib+0x4d3488]  Reflection::invoke(instanceKlassHandle, methodHandle, Handle, bool, objArrayHandle, BasicType, objArrayHandle, bool, Thread*)+0xe12
V  [libjvm.dylib+0x4d37cd]  Reflection::invoke_constructor(oopDesc*, objArrayHandle, Thread*)+0x181
V  [libjvm.dylib+0x3467e1]  JVM_NewInstanceFromConstructor+0x7c
j  sun.reflect.NativeConstructorAccessorImpl.newInstance0(Ljava/lang/reflect/Constructor;[Ljava/lang/Object;)Ljava/lang/Object;+0
j  sun.reflect.NativeConstructorAccessorImpl.newInstance([Ljava/lang/Object;)Ljava/lang/Object;+85
j  sun.reflect.DelegatingConstructorAccessorImpl.newInstance([Ljava/lang/Object;)Ljava/lang/Object;+5
j  java.lang.reflect.Constructor.newInstance([Ljava/lang/Object;)Ljava/lang/Object;+79
j  gov.nasa.jpf.Config.getInstance(Ljava/lang/String;Ljava/lang/Class;Ljava/lang/Class;[Ljava/lang/Class;[Ljava/lang/Object;Ljava/lang/String;)Ljava/lang/Object;+70
j  gov.nasa.jpf.Config.getEssentialInstance(Ljava/lang/String;Ljava/lang/Class;[Ljava/lang/Class;[Ljava/lang/Object;)Ljava/lang/Object;+24
j  gov.nasa.jpf.vm.VM.createSystemClassLoaderInfo(I)Lgov/nasa/jpf/vm/SystemClassLoaderInfo;+42
j  gov.nasa.jpf.vm.SingleProcessVM.createApplicationContext()Lgov/nasa/jpf/vm/ApplicationContext;+164
j  gov.nasa.jpf.vm.SingleProcessVM.<init>(Lgov/nasa/jpf/JPF;Lgov/nasa/jpf/Config;)V+8
v  ~StubRoutines::call_stub
V  [libjvm.dylib+0x2ee5b6]  JavaCalls::call_helper(JavaValue*, methodHandle*, JavaCallArguments*, Thread*)+0x6ae
V  [libjvm.dylib+0x4d3488]  Reflection::invoke(instanceKlassHandle, methodHandle, Handle, bool, objArrayHandle, BasicType, objArrayHandle, bool, Thread*)+0xe12
V  [libjvm.dylib+0x4d37cd]  Reflection::invoke_constructor(oopDesc*, objArrayHandle, Thread*)+0x181
V  [libjvm.dylib+0x3467e1]  JVM_NewInstanceFromConstructor+0x7c
j  sun.reflect.NativeConstructorAccessorImpl.newInstance0(Ljava/lang/reflect/Constructor;[Ljava/lang/Object;)Ljava/lang/Object;+0
j  sun.reflect.NativeConstructorAccessorImpl.newInstance([Ljava/lang/Object;)Ljava/lang/Object;+85
j  sun.reflect.DelegatingConstructorAccessorImpl.newInstance([Ljava/lang/Object;)Ljava/lang/Object;+5
j  java.lang.reflect.Constructor.newInstance([Ljava/lang/Object;)Ljava/lang/Object;+79
j  gov.nasa.jpf.Config.getInstance(Ljava/lang/String;Ljava/lang/Class;Ljava/lang/Class;[Ljava/lang/Class;[Ljava/lang/Object;Ljava/lang/String;)Ljava/lang/Object;+70
j  gov.nasa.jpf.Config.getEssentialInstance(Ljava/lang/String;Ljava/lang/Class;[Ljava/lang/Class;[Ljava/lang/Object;)Ljava/lang/Object;+24
j  gov.nasa.jpf.JPF.initialize()V+74
j  gov.nasa.jpf.JPF.<init>(Lgov/nasa/jpf/Config;)V+40
j  gov.nasa.jpf.JPF.start(Lgov/nasa/jpf/Config;[Ljava/lang/String;)V+73
v  ~StubRoutines::call_stub
V  [libjvm.dylib+0x2ee5b6]  JavaCalls::call_helper(JavaValue*, methodHandle*, JavaCallArguments*, Thread*)+0x6ae
V  [libjvm.dylib+0x4d3488]  Reflection::invoke(instanceKlassHandle, methodHandle, Handle, bool, objArrayHandle, BasicType, objArrayHandle, bool, Thread*)+0xe12
V  [libjvm.dylib+0x4d39bc]  Reflection::invoke_method(oopDesc*, Handle, objArrayHandle, Thread*)+0x16c
V  [libjvm.dylib+0x3469b8]  JVM_InvokeMethod+0x166
j  sun.reflect.NativeMethodAccessorImpl.invoke0(Ljava/lang/reflect/Method;Ljava/lang/Object;[Ljava/lang/Object;)Ljava/lang/Object;+0
j  sun.reflect.NativeMethodAccessorImpl.invoke(Ljava/lang/Object;[Ljava/lang/Object;)Ljava/lang/Object;+100
j  sun.reflect.DelegatingMethodAccessorImpl.invoke(Ljava/lang/Object;[Ljava/lang/Object;)Ljava/lang/Object;+6
j  java.lang.reflect.Method.invoke(Ljava/lang/Object;[Ljava/lang/Object;)Ljava/lang/Object;+56
j  gov.nasa.jpf.tool.Run.call(Ljava/lang/Class;Ljava/lang/String;[Ljava/lang/Object;)Z+68
j  gov.nasa.jpf.tool.RunJPF.main([Ljava/lang/String;)V+175
v  ~StubRoutines::call_stub
V  [libjvm.dylib+0x2ee5b6]  JavaCalls::call_helper(JavaValue*, methodHandle*, JavaCallArguments*, Thread*)+0x6ae
V  [libjvm.dylib+0x3253ce]  jni_invoke_static(JNIEnv_*, JavaValue*, _jobject*, JNICallType, _jmethodID*, JNI_ArgumentPusher*, Thread*)+0x1bf
V  [libjvm.dylib+0x31e145]  jni_CallStaticVoidMethod+0x15d
C  [java+0x3931]  JavaMain+0x9c4
C  [libsystem_pthread.dylib+0x393b]  _pthread_body+0xb4
C  [libsystem_pthread.dylib+0x3887]  _pthread_body+0x0
C  [libsystem_pthread.dylib+0x308d]  thread_start+0xd
C  0x0000000000000000

Java frames: (J=compiled Java code, j=interpreted, Vv=VM code)
J 115  java.util.zip.ZipFile.getEntry(J[BZ)J (0 bytes) @ 0x000000010b6c8518 [0x000000010b6c84c0+0x58]
J 204 C2 sun.misc.URLClassPath$JarLoader.getResource(Ljava/lang/String;Z)Lsun/misc/Resource; (85 bytes) @ 0x000000010b700f24 [0x000000010b700a60+0x4c4]
J 155 C1 sun.misc.URLClassPath.getResource(Ljava/lang/String;Z)Lsun/misc/Resource; (83 bytes) @ 0x000000010b6df7ac [0x000000010b6df640+0x16c]
J 209 C1 java.net.URLClassLoader$1.run()Ljava/lang/Class; (63 bytes) @ 0x000000010b6fba84 [0x000000010b6fb860+0x224]
J 208 C1 java.net.URLClassLoader$1.run()Ljava/lang/Object; (5 bytes) @ 0x000000010b6fc2d4 [0x000000010b6fc240+0x94]
v  ~StubRoutines::call_stub
J 160  java.security.AccessController.doPrivileged(Ljava/security/PrivilegedExceptionAction;Ljava/security/AccessControlContext;)Ljava/lang/Object; (0 bytes) @ 0x000000010b6e0d63 [0x000000010b6e0d00+0x63]
J 181 C1 java.net.URLClassLoader.findClass(Ljava/lang/String;)Ljava/lang/Class; (47 bytes) @ 0x000000010b6eecfc [0x000000010b6eeb60+0x19c]
j  java.lang.ClassLoader.loadClass(Ljava/lang/String;Z)Ljava/lang/Class;+70
J 212 C1 java.lang.ClassLoader.loadClass(Ljava/lang/String;)Ljava/lang/Class; (7 bytes) @ 0x000000010b6fad1c [0x000000010b6fac00+0x11c]
j  gov.nasa.jpf.Config.asClass(Ljava/lang/String;)Ljava/lang/Class;+28
j  gov.nasa.jpf.Config.getClass(Ljava/lang/String;)Ljava/lang/Class;+6
j  gov.nasa.jpf.Config.getEssentialClass(Ljava/lang/String;)Ljava/lang/Class;+2
j  gov.nasa.jpf.Config.getEssentialInstance(Ljava/lang/String;Ljava/lang/Class;[Ljava/lang/Class;[Ljava/lang/Object;)Ljava/lang/Object;+2
j  gov.nasa.jpf.Config.getEssentialInstance(Ljava/lang/String;Ljava/lang/Class;)Ljava/lang/Object;+26
j  gov.nasa.jpf.jvm.JVMSystemClassLoaderInfo.createDefaultCodeBuilder(Lgov/nasa/jpf/Config;I)Lgov/nasa/jpf/jvm/JVMCodeBuilder;+12
j  gov.nasa.jpf.jvm.JVMSystemClassLoaderInfo.<init>(Lgov/nasa/jpf/vm/VM;I)V+12
v  ~StubRoutines::call_stub
j  sun.reflect.NativeConstructorAccessorImpl.newInstance0(Ljava/lang/reflect/Constructor;[Ljava/lang/Object;)Ljava/lang/Object;+0
j  sun.reflect.NativeConstructorAccessorImpl.newInstance([Ljava/lang/Object;)Ljava/lang/Object;+85
j  sun.reflect.DelegatingConstructorAccessorImpl.newInstance([Ljava/lang/Object;)Ljava/lang/Object;+5
j  java.lang.reflect.Constructor.newInstance([Ljava/lang/Object;)Ljava/lang/Object;+79
j  gov.nasa.jpf.Config.getInstance(Ljava/lang/String;Ljava/lang/Class;Ljava/lang/Class;[Ljava/lang/Class;[Ljava/lang/Object;Ljava/lang/String;)Ljava/lang/Object;+70
j  gov.nasa.jpf.Config.getEssentialInstance(Ljava/lang/String;Ljava/lang/Class;[Ljava/lang/Class;[Ljava/lang/Object;)Ljava/lang/Object;+24
j  gov.nasa.jpf.vm.VM.createSystemClassLoaderInfo(I)Lgov/nasa/jpf/vm/SystemClassLoaderInfo;+42
j  gov.nasa.jpf.vm.SingleProcessVM.createApplicationContext()Lgov/nasa/jpf/vm/ApplicationContext;+164
j  gov.nasa.jpf.vm.SingleProcessVM.<init>(Lgov/nasa/jpf/JPF;Lgov/nasa/jpf/Config;)V+8
v  ~StubRoutines::call_stub
j  sun.reflect.NativeConstructorAccessorImpl.newInstance0(Ljava/lang/reflect/Constructor;[Ljava/lang/Object;)Ljava/lang/Object;+0
j  sun.reflect.NativeConstructorAccessorImpl.newInstance([Ljava/lang/Object;)Ljava/lang/Object;+85
j  sun.reflect.DelegatingConstructorAccessorImpl.newInstance([Ljava/lang/Object;)Ljava/lang/Object;+5
j  java.lang.reflect.Constructor.newInstance([Ljava/lang/Object;)Ljava/lang/Object;+79
j  gov.nasa.jpf.Config.getInstance(Ljava/lang/String;Ljava/lang/Class;Ljava/lang/Class;[Ljava/lang/Class;[Ljava/lang/Object;Ljava/lang/String;)Ljava/lang/Object;+70
j  gov.nasa.jpf.Config.getEssentialInstance(Ljava/lang/String;Ljava/lang/Class;[Ljava/lang/Class;[Ljava/lang/Object;)Ljava/lang/Object;+24
j  gov.nasa.jpf.JPF.initialize()V+74
j  gov.nasa.jpf.JPF.<init>(Lgov/nasa/jpf/Config;)V+40
j  gov.nasa.jpf.JPF.start(Lgov/nasa/jpf/Config;[Ljava/lang/String;)V+73
v  ~StubRoutines::call_stub
j  sun.reflect.NativeMethodAccessorImpl.invoke0(Ljava/lang/reflect/Method;Ljava/lang/Object;[Ljava/lang/Object;)Ljava/lang/Object;+0
j  sun.reflect.NativeMethodAccessorImpl.invoke(Ljava/lang/Object;[Ljava/lang/Object;)Ljava/lang/Object;+100
j  sun.reflect.DelegatingMethodAccessorImpl.invoke(Ljava/lang/Object;[Ljava/lang/Object;)Ljava/lang/Object;+6
j  java.lang.reflect.Method.invoke(Ljava/lang/Object;[Ljava/lang/Object;)Ljava/lang/Object;+56
j  gov.nasa.jpf.tool.Run.call(Ljava/lang/Class;Ljava/lang/String;[Ljava/lang/Object;)Z+68
j  gov.nasa.jpf.tool.RunJPF.main([Ljava/lang/String;)V+175
v  ~StubRoutines::call_stub

---------------  P R O C E S S  ---------------

Java Threads: ( => current thread )
  0x00007feafa06b000 JavaThread "Service Thread" daemon [_thread_blocked, id=18691, stack(0x0000700006387000,0x0000700006487000)]
  0x00007feafa84e000 JavaThread "C1 CompilerThread1" daemon [_thread_blocked, id=18179, stack(0x0000700006284000,0x0000700006384000)]
  0x00007feafa84d800 JavaThread "C2 CompilerThread0" daemon [_thread_blocked, id=17667, stack(0x0000700006181000,0x0000700006281000)]
  0x00007feafa856000 JavaThread "JDWP Command Reader" daemon [_thread_in_native, id=17155, stack(0x000070000607e000,0x000070000617e000)]
  0x00007feafa06c000 JavaThread "JDWP Event Helper Thread" daemon [_thread_blocked, id=16643, stack(0x0000700005f7b000,0x000070000607b000)]
  0x00007feafa855800 JavaThread "JDWP Transport Listener: dt_socket" daemon [_thread_blocked, id=16131, stack(0x0000700005e78000,0x0000700005f78000)]
  0x00007feafa051800 JavaThread "Signal Dispatcher" daemon [_thread_blocked, id=15619, stack(0x0000700005d75000,0x0000700005e75000)]
  0x00007feafa00f800 JavaThread "Finalizer" daemon [_thread_blocked, id=11523, stack(0x0000700005c72000,0x0000700005d72000)]
  0x00007feafa83c800 JavaThread "Reference Handler" daemon [_thread_blocked, id=11011, stack(0x0000700005b6f000,0x0000700005c6f000)]
=>0x00007feafa008800 JavaThread "main" [_thread_in_native, id=3587, stack(0x00007000055da000,0x00007000056da000)]

Other Threads:
  0x00007feafa003800 VMThread [stack: 0x0000700005a6c000,0x0000700005b6c000] [id=10499]
  0x00007feafa06f000 WatcherThread [stack: 0x000070000648a000,0x000070000658a000] [id=19203]

VM state:not at safepoint (normal execution)

VM Mutex/Monitor currently owned by a thread: None

Heap:
 PSYoungGen      total 18944K, used 8632K [0x00000007aab00000, 0x00000007ac000000, 0x00000007c0000000)
  eden space 16384K, 52% used [0x00000007aab00000,0x00000007ab36e240,0x00000007abb00000)
  from space 2560K, 0% used [0x00000007abd80000,0x00000007abd80000,0x00000007ac000000)
  to   space 2560K, 0% used [0x00000007abb00000,0x00000007abb00000,0x00000007abd80000)
 ParOldGen       total 44032K, used 0K [0x0000000780000000, 0x0000000782b00000, 0x00000007aab00000)
  object space 44032K, 0% used [0x0000000780000000,0x0000000780000000,0x0000000782b00000)
 Metaspace       used 5102K, capacity 6110K, committed 6272K, reserved 1056768K
  class space    used 527K, capacity 586K, committed 640K, reserved 1048576K

Card table byte_map: [0x000000010a5c0000,0x000000010a7c1000] byte_map_base: 0x00000001069c0000

Marking Bits: (ParMarkBitMap*) 0x000000010965bea0
 Begin Bits: [0x000000011a586000, 0x000000011b586000)
 End Bits:   [0x000000011b586000, 0x000000011c586000)

Polling page: 0x0000000109d50000

CodeCache: size=245760Kb used=1556Kb max_used=1562Kb free=244203Kb
 bounds [0x000000010b586000, 0x000000010b7f6000, 0x000000011a586000]
 total_blobs=480 nmethods=236 adapters=168
 compilation: enabled

Compilation events (10 events):
Event: 1.567 Thread 0x00007feafa84e000 nmethod 231 0x000000010b709350 code [0x000000010b7094c0, 0x000000010b7097e8]
Event: 1.567 Thread 0x00007feafa84d800 nmethod 229 0x000000010b70c6d0 code [0x000000010b70c820, 0x000000010b70c9b8]
Event: 1.570 Thread 0x00007feafa84d800  232       4       java.net.URI::match (56 bytes)
Event: 1.571 Thread 0x00007feafa84d800 nmethod 232 0x000000010b70cb50 code [0x000000010b70cca0, 0x000000010b70cdd8]
Event: 1.574 Thread 0x00007feafa84e000  233       3       java.io.File::isInvalid (47 bytes)
Event: 1.574 Thread 0x00007feafa84e000 nmethod 233 0x000000010b70c010 code [0x000000010b70c1a0, 0x000000010b70c5e8]
Event: 1.574 Thread 0x00007feafa84e000  235       3       java.net.URI$Parser::at (20 bytes)
Event: 1.574 Thread 0x00007feafa84e000 nmethod 235 0x000000010b70b710 code [0x000000010b70b8a0, 0x000000010b70bd28]
Event: 1.574 Thread 0x00007feafa84e000  234       1       java.io.File::getPrefixLength (5 bytes)
Event: 1.574 Thread 0x00007feafa84e000 nmethod 234 0x000000010b70b450 code [0x000000010b70b5a0, 0x000000010b70b6b0]

GC Heap History (0 events):
No events

Deoptimization events (0 events):
No events

Internal exceptions (4 events):
Event: 0.048 Thread 0x00007feafa008800 Exception <a 'java/lang/NoSuchMethodError': Method sun.misc.Unsafe.defineClass(Ljava/lang/String;[BII)Ljava/lang/Class; name or signature does not match> (0x00000007aab07ca8) thrown at [/Users/java_re/workspace/8-2-build-macosx-x86_64/jdk8u131/8869/hotspo
Event: 0.048 Thread 0x00007feafa008800 Exception <a 'java/lang/NoSuchMethodError': Method sun.misc.Unsafe.prefetchRead(Ljava/lang/Object;J)V name or signature does not match> (0x00000007aab07f90) thrown at [/Users/java_re/workspace/8-2-build-macosx-x86_64/jdk8u131/8869/hotspot/src/share/vm/pri
Event: 0.796 Thread 0x00007feafa008800 Exception <a 'java/security/PrivilegedActionException'> (0x00000007aadbc6d8) thrown at [/Users/java_re/workspace/8-2-build-macosx-x86_64/jdk8u131/8869/hotspot/src/share/vm/prims/jvm.cpp, line 1390]
Event: 0.796 Thread 0x00007feafa008800 Exception <a 'java/security/PrivilegedActionException'> (0x00000007aadbc8e8) thrown at [/Users/java_re/workspace/8-2-build-macosx-x86_64/jdk8u131/8869/hotspot/src/share/vm/prims/jvm.cpp, line 1390]

Events (10 events):
Event: 1.577 Thread 0x00007feafa008800 DEOPT PACKING pc=0x000000010b6d7814 sp=0x00007000056d70e0
Event: 1.577 Thread 0x00007feafa008800 DEOPT UNPACKING pc=0x000000010b5ccf73 sp=0x00007000056d6f20 mode 1
Event: 1.577 Thread 0x00007feafa008800 DEOPT PACKING pc=0x000000010b6d75b4 sp=0x00007000056d7270
Event: 1.577 Thread 0x00007feafa008800 DEOPT UNPACKING pc=0x000000010b5ccf73 sp=0x00007000056d70b0 mode 1
Event: 1.577 Thread 0x00007feafa008800 DEOPT PACKING pc=0x000000010b6eeeb1 sp=0x00007000056d72b0
Event: 1.577 Thread 0x00007feafa008800 DEOPT UNPACKING pc=0x000000010b5ccf73 sp=0x00007000056d7030 mode 1
Event: 1.577 Thread 0x00007feafa008800 DEOPT PACKING pc=0x000000010b6ffbec sp=0x00007000056d7400
Event: 1.577 Thread 0x00007feafa008800 DEOPT UNPACKING pc=0x000000010b5ccf73 sp=0x00007000056d7198 mode 1
Event: 1.577 Thread 0x00007feafa008800 DEOPT PACKING pc=0x000000010b6d75b4 sp=0x00007000056d74b0
Event: 1.577 Thread 0x00007feafa008800 DEOPT UNPACKING pc=0x000000010b5ccf73 sp=0x00007000056d72f0 mode 1


Dynamic libraries:
0x000000000b72e000 	/System/Library/Frameworks/Cocoa.framework/Versions/A/Cocoa
0x000000000b72e000 	/System/Library/Frameworks/Security.framework/Versions/A/Security
0x000000000b72e000 	/System/Library/Frameworks/ApplicationServices.framework/Versions/A/ApplicationServices
0x000000000b72e000 	/usr/lib/libz.1.dylib
0x000000000b72e000 	/usr/lib/libSystem.B.dylib
0x000000000b72e000 	/usr/lib/libobjc.A.dylib
0x000000000b72e000 	/System/Library/Frameworks/CoreFoundation.framework/Versions/A/CoreFoundation
0x000000000b72e000 	/System/Library/Frameworks/Foundation.framework/Versions/C/Foundation
0x000000000b72e000 	/System/Library/Frameworks/AppKit.framework/Versions/C/AppKit
0x000000000b72e000 	/System/Library/Frameworks/CoreData.framework/Versions/A/CoreData
0x000000000b72e000 	/System/Library/PrivateFrameworks/RemoteViewServices.framework/Versions/A/RemoteViewServices
0x000000000b72e000 	/System/Library/PrivateFrameworks/UIFoundation.framework/Versions/A/UIFoundation
0x000000000b72e000 	/System/Library/PrivateFrameworks/DFRFoundation.framework/Versions/A/DFRFoundation
0x000000000b72e000 	/usr/lib/libenergytrace.dylib
0x000000000b72e000 	/System/Library/PrivateFrameworks/SkyLight.framework/Versions/A/SkyLight
0x000000000b72e000 	/System/Library/Frameworks/CoreGraphics.framework/Versions/A/CoreGraphics
0x000000000b72e000 	/usr/lib/libScreenReader.dylib
0x000000000b72e000 	/System/Library/Frameworks/Accelerate.framework/Versions/A/Accelerate
0x000000000b72e000 	/System/Library/Frameworks/IOSurface.framework/Versions/A/IOSurface
0x000000000b72e000 	/System/Library/Frameworks/AudioToolbox.framework/Versions/A/AudioToolbox
0x000000000b72e000 	/System/Library/Frameworks/AudioUnit.framework/Versions/A/AudioUnit
0x000000000b72e000 	/System/Library/PrivateFrameworks/DataDetectorsCore.framework/Versions/A/DataDetectorsCore
0x000000000b72e000 	/System/Library/PrivateFrameworks/DesktopServicesPriv.framework/Versions/A/DesktopServicesPriv
0x000000000b72e000 	/System/Library/Frameworks/Carbon.framework/Versions/A/Frameworks/HIToolbox.framework/Versions/A/HIToolbox
0x000000000b72e000 	/usr/lib/libicucore.A.dylib
0x000000000b72e000 	/System/Library/Frameworks/QuartzCore.framework/Versions/A/QuartzCore
0x000000000b72e000 	/System/Library/Frameworks/Carbon.framework/Versions/A/Frameworks/SpeechRecognition.framework/Versions/A/SpeechRecognition
0x000000000b72e000 	/usr/lib/libauto.dylib
0x000000000b72e000 	/usr/lib/libxml2.2.dylib
0x000000000b72e000 	/System/Library/PrivateFrameworks/CoreUI.framework/Versions/A/CoreUI
0x000000000b72e000 	/System/Library/Frameworks/CoreAudio.framework/Versions/A/CoreAudio
0x000000000b72e000 	/System/Library/Frameworks/DiskArbitration.framework/Versions/A/DiskArbitration
0x000000000b72e000 	/usr/lib/liblangid.dylib
0x000000000b72e000 	/System/Library/PrivateFrameworks/MultitouchSupport.framework/Versions/A/MultitouchSupport
0x000000000b72e000 	/System/Library/Frameworks/IOKit.framework/Versions/A/IOKit
0x000000000b72e000 	/usr/lib/libDiagnosticMessagesClient.dylib
0x000000000b72e000 	/System/Library/Frameworks/CoreServices.framework/Versions/A/CoreServices
0x000000000b72e000 	/System/Library/PrivateFrameworks/PerformanceAnalysis.framework/Versions/A/PerformanceAnalysis
0x000000000b72e000 	/System/Library/PrivateFrameworks/GenerationalStorage.framework/Versions/A/GenerationalStorage
0x000000000b72e000 	/System/Library/Frameworks/OpenGL.framework/Versions/A/OpenGL
0x000000000b72e000 	/System/Library/Frameworks/CoreImage.framework/Versions/A/CoreImage
0x000000000b72e000 	/System/Library/Frameworks/CoreText.framework/Versions/A/CoreText
0x000000000b72e000 	/System/Library/Frameworks/ImageIO.framework/Versions/A/ImageIO
0x000000000b72e000 	/System/Library/PrivateFrameworks/Backup.framework/Versions/A/Backup
0x000000000b72e000 	/usr/lib/libarchive.2.dylib
0x000000000b72e000 	/System/Library/Frameworks/CFNetwork.framework/Versions/A/CFNetwork
0x000000000b72e000 	/System/Library/Frameworks/SystemConfiguration.framework/Versions/A/SystemConfiguration
0x000000000b72e000 	/usr/lib/libCRFSuite.dylib
0x000000000b72e000 	/usr/lib/libc++.1.dylib
0x000000000b72e000 	/usr/lib/libc++abi.dylib
0x000000000b72e000 	/usr/lib/system/libcache.dylib
0x000000000b72e000 	/usr/lib/system/libcommonCrypto.dylib
0x000000000b72e000 	/usr/lib/system/libcompiler_rt.dylib
0x000000000b72e000 	/usr/lib/system/libcopyfile.dylib
0x000000000b72e000 	/usr/lib/system/libcorecrypto.dylib
0x000000000b72e000 	/usr/lib/system/libdispatch.dylib
0x000000000b72e000 	/usr/lib/system/libdyld.dylib
0x000000000b72e000 	/usr/lib/system/libkeymgr.dylib
0x000000000b72e000 	/usr/lib/system/liblaunch.dylib
0x000000000b72e000 	/usr/lib/system/libmacho.dylib
0x000000000b72e000 	/usr/lib/system/libquarantine.dylib
0x000000000b72e000 	/usr/lib/system/libremovefile.dylib
0x000000000b72e000 	/usr/lib/system/libsystem_asl.dylib
0x000000000b72e000 	/usr/lib/system/libsystem_blocks.dylib
0x000000000b72e000 	/usr/lib/system/libsystem_c.dylib
0x000000000b72e000 	/usr/lib/system/libsystem_configuration.dylib
0x000000000b72e000 	/usr/lib/system/libsystem_coreservices.dylib
0x000000000b72e000 	/usr/lib/system/libsystem_coretls.dylib
0x000000000b72e000 	/usr/lib/system/libsystem_dnssd.dylib
0x000000000b72e000 	/usr/lib/system/libsystem_info.dylib
0x000000000b72e000 	/usr/lib/system/libsystem_kernel.dylib
0x000000000b72e000 	/usr/lib/system/libsystem_m.dylib
0x000000000b72e000 	/usr/lib/system/libsystem_malloc.dylib
0x000000000b72e000 	/usr/lib/system/libsystem_network.dylib
0x000000000b72e000 	/usr/lib/system/libsystem_networkextension.dylib
0x000000000b72e000 	/usr/lib/system/libsystem_notify.dylib
0x000000000b72e000 	/usr/lib/system/libsystem_platform.dylib
0x000000000b72e000 	/usr/lib/system/libsystem_pthread.dylib
0x000000000b72e000 	/usr/lib/system/libsystem_sandbox.dylib
0x000000000b72e000 	/usr/lib/system/libsystem_secinit.dylib
0x000000000b72e000 	/usr/lib/system/libsystem_symptoms.dylib
0x000000000b72e000 	/usr/lib/system/libsystem_trace.dylib
0x000000000b72e000 	/usr/lib/system/libunwind.dylib
0x000000000b72e000 	/usr/lib/system/libxpc.dylib
0x000000000b72e000 	/usr/lib/libbsm.0.dylib
0x000000000b72e000 	/usr/lib/system/libkxld.dylib
0x000000000b72e000 	/usr/lib/libcoretls.dylib
0x000000000b72e000 	/usr/lib/libcoretls_cfhelpers.dylib
0x000000000b72e000 	/usr/lib/libOpenScriptingUtil.dylib
0x000000000b72e000 	/usr/lib/libpam.2.dylib
0x000000000b72e000 	/usr/lib/libsqlite3.dylib
0x000000000b72e000 	/usr/lib/libxar.1.dylib
0x000000000b72e000 	/usr/lib/libbz2.1.0.dylib
0x000000000b72e000 	/usr/lib/liblzma.5.dylib
0x000000000b72e000 	/usr/lib/libnetwork.dylib
0x000000000b72e000 	/usr/lib/libpcap.A.dylib
0x000000000b72e000 	/System/Library/Frameworks/CoreServices.framework/Versions/A/Frameworks/FSEvents.framework/Versions/A/FSEvents
0x000000000b72e000 	/System/Library/Frameworks/CoreServices.framework/Versions/A/Frameworks/CarbonCore.framework/Versions/A/CarbonCore
0x000000000b72e000 	/System/Library/Frameworks/CoreServices.framework/Versions/A/Frameworks/Metadata.framework/Versions/A/Metadata
0x000000000b72e000 	/System/Library/Frameworks/CoreServices.framework/Versions/A/Frameworks/OSServices.framework/Versions/A/OSServices
0x000000000b72e000 	/System/Library/Frameworks/CoreServices.framework/Versions/A/Frameworks/SearchKit.framework/Versions/A/SearchKit
0x000000000b72e000 	/System/Library/Frameworks/CoreServices.framework/Versions/A/Frameworks/AE.framework/Versions/A/AE
0x000000000b72e000 	/System/Library/Frameworks/CoreServices.framework/Versions/A/Frameworks/LaunchServices.framework/Versions/A/LaunchServices
0x000000000b72e000 	/System/Library/Frameworks/CoreServices.framework/Versions/A/Frameworks/DictionaryServices.framework/Versions/A/DictionaryServices
0x000000000b72e000 	/System/Library/Frameworks/CoreServices.framework/Versions/A/Frameworks/SharedFileList.framework/Versions/A/SharedFileList
0x000000000b72e000 	/System/Library/Frameworks/NetFS.framework/Versions/A/NetFS
0x000000000b72e000 	/System/Library/PrivateFrameworks/NetAuth.framework/Versions/A/NetAuth
0x000000000b72e000 	/System/Library/PrivateFrameworks/login.framework/Versions/A/Frameworks/loginsupport.framework/Versions/A/loginsupport
0x000000000b72e000 	/System/Library/PrivateFrameworks/TCC.framework/Versions/A/TCC
0x000000000b72e000 	/usr/lib/libmecabra.dylib
0x000000000b72e000 	/System/Library/Frameworks/ApplicationServices.framework/Versions/A/Frameworks/ATS.framework/Versions/A/ATS
0x000000000b72e000 	/System/Library/Frameworks/ApplicationServices.framework/Versions/A/Frameworks/ColorSync.framework/Versions/A/ColorSync
0x000000000b72e000 	/System/Library/Frameworks/ApplicationServices.framework/Versions/A/Frameworks/HIServices.framework/Versions/A/HIServices
0x000000000b72e000 	/System/Library/Frameworks/ApplicationServices.framework/Versions/A/Frameworks/LangAnalysis.framework/Versions/A/LangAnalysis
0x000000000b72e000 	/System/Library/Frameworks/ApplicationServices.framework/Versions/A/Frameworks/PrintCore.framework/Versions/A/PrintCore
0x000000000b72e000 	/System/Library/Frameworks/ApplicationServices.framework/Versions/A/Frameworks/QD.framework/Versions/A/QD
0x000000000b72e000 	/System/Library/Frameworks/ApplicationServices.framework/Versions/A/Frameworks/SpeechSynthesis.framework/Versions/A/SpeechSynthesis
0x000000000b72e000 	/System/Library/Frameworks/Accelerate.framework/Versions/A/Frameworks/vImage.framework/Versions/A/vImage
0x000000000b72e000 	/System/Library/Frameworks/Accelerate.framework/Versions/A/Frameworks/vecLib.framework/Versions/A/vecLib
0x000000000b72e000 	/System/Library/Frameworks/Accelerate.framework/Versions/A/Frameworks/vecLib.framework/Versions/A/libvDSP.dylib
0x000000000b72e000 	/System/Library/Frameworks/Accelerate.framework/Versions/A/Frameworks/vecLib.framework/Versions/A/libBNNS.dylib
0x000000000b72e000 	/System/Library/Frameworks/Accelerate.framework/Versions/A/Frameworks/vecLib.framework/Versions/A/libQuadrature.dylib
0x000000000b72e000 	/System/Library/Frameworks/Accelerate.framework/Versions/A/Frameworks/vecLib.framework/Versions/A/libvMisc.dylib
0x000000000b72e000 	/System/Library/Frameworks/Accelerate.framework/Versions/A/Frameworks/vecLib.framework/Versions/A/libLAPACK.dylib
0x000000000b72e000 	/System/Library/Frameworks/Accelerate.framework/Versions/A/Frameworks/vecLib.framework/Versions/A/libBLAS.dylib
0x000000000b72e000 	/System/Library/Frameworks/Accelerate.framework/Versions/A/Frameworks/vecLib.framework/Versions/A/libLinearAlgebra.dylib
0x000000000b72e000 	/System/Library/Frameworks/Accelerate.framework/Versions/A/Frameworks/vecLib.framework/Versions/A/libSparseBLAS.dylib
0x000000000b72e000 	/System/Library/Frameworks/ApplicationServices.framework/Versions/A/Frameworks/ATS.framework/Versions/A/Resources/libFontParser.dylib
0x000000000b72e000 	/System/Library/Frameworks/ApplicationServices.framework/Versions/A/Frameworks/ATS.framework/Versions/A/Resources/libFontRegistry.dylib
0x000000000b72e000 	/System/Library/Frameworks/ImageIO.framework/Versions/A/Resources/libJPEG.dylib
0x000000000b72e000 	/System/Library/Frameworks/ImageIO.framework/Versions/A/Resources/libTIFF.dylib
0x000000000b72e000 	/System/Library/Frameworks/ImageIO.framework/Versions/A/Resources/libPng.dylib
0x000000000b72e000 	/System/Library/Frameworks/ImageIO.framework/Versions/A/Resources/libGIF.dylib
0x000000000b72e000 	/System/Library/Frameworks/ImageIO.framework/Versions/A/Resources/libJP2.dylib
0x000000000b72e000 	/System/Library/Frameworks/ImageIO.framework/Versions/A/Resources/libRadiance.dylib
0x000000000b72e000 	/usr/lib/libcompression.dylib
0x000000000b72e000 	/System/Library/PrivateFrameworks/AppleJPEG.framework/Versions/A/AppleJPEG
0x000000000b72e000 	/usr/lib/libcups.2.dylib
0x000000000b72e000 	/System/Library/Frameworks/Kerberos.framework/Versions/A/Kerberos
0x000000000b72e000 	/System/Library/Frameworks/GSS.framework/Versions/A/GSS
0x000000000b72e000 	/usr/lib/libresolv.9.dylib
0x000000000b72e000 	/usr/lib/libiconv.2.dylib
0x000000000b72e000 	/System/Library/PrivateFrameworks/Heimdal.framework/Versions/A/Heimdal
0x000000000b72e000 	/usr/lib/libheimdal-asn1.dylib
0x000000000b72e000 	/System/Library/Frameworks/OpenDirectory.framework/Versions/A/OpenDirectory
0x000000000b72e000 	/System/Library/PrivateFrameworks/CommonAuth.framework/Versions/A/CommonAuth
0x000000000b72e000 	/System/Library/Frameworks/OpenDirectory.framework/Versions/A/Frameworks/CFOpenDirectory.framework/Versions/A/CFOpenDirectory
0x000000000b72e000 	/System/Library/Frameworks/SecurityFoundation.framework/Versions/A/SecurityFoundation
0x000000000b72e000 	/System/Library/PrivateFrameworks/LanguageModeling.framework/Versions/A/LanguageModeling
0x000000000b72e000 	/usr/lib/libmarisa.dylib
0x000000000b72e000 	/usr/lib/libChineseTokenizer.dylib
0x000000000b72e000 	/usr/lib/libcmph.dylib
0x000000000b72e000 	/System/Library/PrivateFrameworks/CoreEmoji.framework/Versions/A/CoreEmoji
0x000000000b72e000 	/System/Library/Frameworks/ServiceManagement.framework/Versions/A/ServiceManagement
0x000000000b72e000 	/usr/lib/libxslt.1.dylib
0x000000000b72e000 	/System/Library/Frameworks/Carbon.framework/Versions/A/Frameworks/Ink.framework/Versions/A/Ink
0x000000000b72e000 	/System/Library/PrivateFrameworks/TextureIO.framework/Versions/A/TextureIO
0x000000000b72e000 	/System/Library/Frameworks/Metal.framework/Versions/A/Metal
0x000000000b72e000 	/usr/lib/libate.dylib
0x000000000b72e000 	/System/Library/PrivateFrameworks/GPUCompiler.framework/libmetal_timestamp.dylib
0x000000000b72e000 	/System/Library/Frameworks/OpenGL.framework/Versions/A/Libraries/libCoreFSCache.dylib
0x000000000b72e000 	/System/Library/PrivateFrameworks/IOAccelerator.framework/Versions/A/IOAccelerator
0x000000000b72e000 	/System/Library/Frameworks/CoreVideo.framework/Versions/A/CoreVideo
0x000000000b72e000 	/usr/lib/libFosl_dynamic.dylib
0x000000000b72e000 	/System/Library/PrivateFrameworks/MetalPerformanceShaders.framework/Versions/A/MetalPerformanceShaders
0x000000000b72e000 	/System/Library/PrivateFrameworks/FaceCore.framework/Versions/A/FaceCore
0x000000000b72e000 	/System/Library/Frameworks/OpenCL.framework/Versions/A/OpenCL
0x000000000b72e000 	/System/Library/Frameworks/OpenGL.framework/Versions/A/Libraries/libGLU.dylib
0x000000000b72e000 	/System/Library/Frameworks/OpenGL.framework/Versions/A/Libraries/libGFXShared.dylib
0x000000000b72e000 	/System/Library/Frameworks/OpenGL.framework/Versions/A/Libraries/libGL.dylib
0x000000000b72e000 	/System/Library/Frameworks/OpenGL.framework/Versions/A/Libraries/libGLImage.dylib
0x000000000b72e000 	/System/Library/Frameworks/OpenGL.framework/Versions/A/Libraries/libCVMSPluginSupport.dylib
0x000000000b72e000 	/System/Library/Frameworks/OpenGL.framework/Versions/A/Libraries/libCoreVMClient.dylib
0x000000000b72e000 	/System/Library/PrivateFrameworks/CrashReporterSupport.framework/Versions/A/CrashReporterSupport
0x000000000b72e000 	/System/Library/PrivateFrameworks/Sharing.framework/Versions/A/Sharing
0x000000000b72e000 	/System/Library/PrivateFrameworks/IconServices.framework/Versions/A/IconServices
0x000000000b72e000 	/System/Library/PrivateFrameworks/ProtocolBuffer.framework/Versions/A/ProtocolBuffer
0x000000000b72e000 	/System/Library/PrivateFrameworks/Apple80211.framework/Versions/A/Apple80211
0x000000000b72e000 	/System/Library/Frameworks/CoreWLAN.framework/Versions/A/CoreWLAN
0x000000000b72e000 	/System/Library/PrivateFrameworks/CoreUtils.framework/Versions/A/CoreUtils
0x000000000b72e000 	/System/Library/Frameworks/IOBluetooth.framework/Versions/A/IOBluetooth
0x000000000b72e000 	/System/Library/PrivateFrameworks/CoreWiFi.framework/Versions/A/CoreWiFi
0x000000000b72e000 	/System/Library/Frameworks/CoreBluetooth.framework/Versions/A/CoreBluetooth
0x000000000b72e000 	/System/Library/Frameworks/CoreDisplay.framework/Versions/A/CoreDisplay
0x000000000b72e000 	/System/Library/PrivateFrameworks/IOPresentment.framework/Versions/A/IOPresentment
0x000000000b72e000 	/System/Library/PrivateFrameworks/DSExternalDisplay.framework/Versions/A/DSExternalDisplay
0x000000000b72e000 	/System/Library/PrivateFrameworks/DebugSymbols.framework/Versions/A/DebugSymbols
0x000000000b72e000 	/System/Library/PrivateFrameworks/CoreSymbolication.framework/Versions/A/CoreSymbolication
0x000000000b72e000 	/System/Library/PrivateFrameworks/Symbolication.framework/Versions/A/Symbolication
0x000000000b72e000 	/System/Library/PrivateFrameworks/AppleFSCompression.framework/Versions/A/AppleFSCompression
0x000000000b72e000 	/System/Library/PrivateFrameworks/SpeechRecognitionCore.framework/Versions/A/SpeechRecognitionCore
0x000000000b72e000 	/System/Library/PrivateFrameworks/ChunkingLibrary.framework/Versions/A/ChunkingLibrary
0x0000000108d6a000 	/Library/Java/JavaVirtualMachines/jdk1.8.0_131.jdk/Contents/Home/jre/lib/server/libjvm.dylib
0x000000000b72e000 	/usr/lib/libstdc++.6.dylib
0x0000000109d0d000 	/Library/Java/JavaVirtualMachines/jdk1.8.0_131.jdk/Contents/Home/jre/lib/libverify.dylib
0x0000000109d1b000 	/Library/Java/JavaVirtualMachines/jdk1.8.0_131.jdk/Contents/Home/jre/lib/libjava.dylib
0x0000000109d51000 	/Library/Java/JavaVirtualMachines/jdk1.8.0_131.jdk/Contents/Home/jre/lib/libjdwp.dylib
0x0000000109d9c000 	/Library/Java/JavaVirtualMachines/jdk1.8.0_131.jdk/Contents/Home/jre/lib/libnpt.dylib
0x0000000109da9000 	/Library/Java/JavaVirtualMachines/jdk1.8.0_131.jdk/Contents/Home/jre/lib/libzip.dylib
0x0000000109de6000 	/System/Library/Frameworks/JavaVM.framework/Frameworks/JavaRuntimeSupport.framework/JavaRuntimeSupport
0x000000010b479000 	/System/Library/Frameworks/JavaVM.framework/Versions/A/Frameworks/JavaNativeFoundation.framework/Versions/A/JavaNativeFoundation
0x000000010b48e000 	/System/Library/Frameworks/JavaVM.framework/Versions/A/JavaVM
0x000000000b72e000 	/System/Library/Frameworks/Carbon.framework/Versions/A/Carbon
0x000000010b49b000 	/System/Library/PrivateFrameworks/JavaLaunching.framework/Versions/A/JavaLaunching
0x000000000b72e000 	/System/Library/Frameworks/Carbon.framework/Versions/A/Frameworks/CommonPanels.framework/Versions/A/CommonPanels
0x000000000b72e000 	/System/Library/Frameworks/Carbon.framework/Versions/A/Frameworks/Help.framework/Versions/A/Help
0x000000000b72e000 	/System/Library/Frameworks/Carbon.framework/Versions/A/Frameworks/ImageCapture.framework/Versions/A/ImageCapture
0x000000000b72e000 	/System/Library/Frameworks/Carbon.framework/Versions/A/Frameworks/OpenScripting.framework/Versions/A/OpenScripting
0x000000000b72e000 	/System/Library/Frameworks/Carbon.framework/Versions/A/Frameworks/Print.framework/Versions/A/Print
0x000000000b72e000 	/System/Library/Frameworks/Carbon.framework/Versions/A/Frameworks/SecurityHI.framework/Versions/A/SecurityHI
0x000000010b4ef000 	/Library/Java/JavaVirtualMachines/jdk1.8.0_131.jdk/Contents/Home/jre/lib/libdt_socket.dylib

VM Arguments:
jvm_args: -agentlib:jdwp=transport=dt_socket,address=127.0.0.1:58828,suspend=y,server=n -Djava.library.path=/Users/sohanabel/git/veritesting/jpf-symbc-veritesting/lib -Xmx1024m -ea -Dfile.encoding=UTF-8 
java_command: /Users/sohanabel/git/veritesting/jpf-core-veritesting/build/RunJPF.jar /Users/sohanabel/git/veritesting/jpf-symbc-veritesting/src/examples/VeritestingPerf.jpf
java_class_path (initial): /Users/sohanabel/git/veritesting/jpf-core-veritesting/build/RunJPF.jar
Launcher Type: SUN_STANDARD

Environment Variables:
JAVA_HOME=/Library/Java/JavaVirtualMachines/jdk1.8.0_131.jdk/Contents/Home
PATH=/opt/local/bin:/opt/local/sbin:/usr/local/bin:/usr/bin:/bin:/usr/sbin:/sbin:/Library/TeX/texbin/opt/local/bin:/opt/local/sbin:~/aspectj1.8/bin:~/apache-maven-3.5.0/bin
SHELL=/bin/bash

Signal Handlers:
SIGSEGV: [libjvm.dylib+0x5b1eb1], sa_mask[0]=11111111011111110111111111111111, sa_flags=SA_ONSTACK|SA_RESTART|SA_SIGINFO
SIGBUS: [libjvm.dylib+0x5b1eb1], sa_mask[0]=11111111011111110111111111111111, sa_flags=SA_RESTART|SA_SIGINFO
SIGFPE: [libjvm.dylib+0x488988], sa_mask[0]=11111111011111110111111111111111, sa_flags=SA_RESTART|SA_SIGINFO
SIGPIPE: [libjvm.dylib+0x488988], sa_mask[0]=11111111011111110111111111111111, sa_flags=SA_RESTART|SA_SIGINFO
SIGXFSZ: [libjvm.dylib+0x488988], sa_mask[0]=11111111011111110111111111111111, sa_flags=SA_RESTART|SA_SIGINFO
SIGILL: [libjvm.dylib+0x488988], sa_mask[0]=11111111011111110111111111111111, sa_flags=SA_RESTART|SA_SIGINFO
SIGUSR1: SIG_DFL, sa_mask[0]=00000000000000000000000000000000, sa_flags=none
SIGUSR2: [libjvm.dylib+0x4884a6], sa_mask[0]=00100000000000000000000000000000, sa_flags=SA_RESTART|SA_SIGINFO
SIGHUP: [libjvm.dylib+0x486a7d], sa_mask[0]=11111111011111110111111111111111, sa_flags=SA_RESTART|SA_SIGINFO
SIGINT: [libjvm.dylib+0x486a7d], sa_mask[0]=11111111011111110111111111111111, sa_flags=SA_RESTART|SA_SIGINFO
SIGTERM: [libjvm.dylib+0x486a7d], sa_mask[0]=11111111011111110111111111111111, sa_flags=SA_RESTART|SA_SIGINFO
SIGQUIT: [libjvm.dylib+0x486a7d], sa_mask[0]=11111111011111110111111111111111, sa_flags=SA_RESTART|SA_SIGINFO


---------------  S Y S T E M  ---------------

OS:Bsduname:Darwin 16.7.0 Darwin Kernel Version 16.7.0: Mon Nov 13 21:56:25 PST 2017; root:xnu-3789.72.11~1/RELEASE_X86_64 x86_64
rlimit: STACK 8192k, CORE 0k, NPROC 709, NOFILE 10240, AS infinity
load average:3.03 2.48 2.51

CPU:total 2 (initial active 2) (2 cores per cpu, 1 threads per core) family 6 model 23 stepping 10, cmov, cx8, fxsr, mmx, sse, sse2, sse3, ssse3, sse4.1, tsc

Memory: 4k page, physical 4194304k(29644k free)

/proc/meminfo:


vm_info: Java HotSpot(TM) 64-Bit Server VM (25.131-b11) for bsd-amd64 JRE (1.8.0_131-b11), built on Mar 15 2017 01:32:22 by "java_re" with gcc 4.2.1 (Based on Apple Inc. build 5658) (LLVM build 2336.11.00)

time: Tue Feb 13 07:48:18 2018
elapsed time: 1 seconds (0d 0h 0m 1s)

