symbolic.min_int=-2147483648
symbolic.min_long=-9223372036854775808
symbolic.min_short=-32768
symbolic.min_byte=-128
symbolic.min_char=0
symbolic.max_int=2147483647
symbolic.max_long=9223372036854775807
symbolic.max_short=32767
symbolic.max_byte=127
symbolic.max_char=65535
symbolic.min_double=4.9E-324
symbolic.max_double=1.7976931348623157E308
JavaPathfinder core system v8.0 (rev 32+) - (C) 2005-2014 United States Government. All rights reserved.


====================================================== system under test
WBS.main()

====================================================== search started: 4/13/18 6:35 PM
Starting analysis for main(WBS.main([Ljava/lang/String;)V)
Starting analysis for update(WBS.update(IZZ)V)
SSAGotoInstruction = goto (from iindex= 13 to iindex = 15)
SSAPhiInstruction = 11 = phi  10,9

SSAGotoInstruction = goto (from iindex= 45 to iindex = 48)
SSAPhiInstruction = 15 = phi  9,10,12,13,14,9

Veritested inner region with key = WBS.update(IZZ)V#75
SSAConditionalBranchInstruction = conditional branch(ne, to iindex=46) 2,14
SSAGotoInstruction = goto (from iindex= 39 to iindex = 48)
SSAPhiInstruction = 15 = phi  9,10,12,13,14,9

Veritested inner region with key = WBS.update(IZZ)V#64
SSAConditionalBranchInstruction = conditional branch(ne, to iindex=40) 2,13
SSAGotoInstruction = goto (from iindex= 33 to iindex = 48)
SSAPhiInstruction = 15 = phi  9,10,12,13,14,9

Veritested inner region with key = WBS.update(IZZ)V#53
SSAConditionalBranchInstruction = conditional branch(ne, to iindex=34) 2,12
SSAGotoInstruction = goto (from iindex= 27 to iindex = 48)
SSAPhiInstruction = 15 = phi  9,10,12,13,14,9

Veritested inner region with key = WBS.update(IZZ)V#42
SSAConditionalBranchInstruction = conditional branch(ne, to iindex=28) 2,10
SSAGotoInstruction = goto (from iindex= 21 to iindex = 48)
SSAPhiInstruction = 15 = phi  9,10,12,13,14,9

SSAGotoInstruction = goto (from iindex= 56 to iindex = 59)
SSAPhiInstruction = 16 = phi  10,9

Veritested inner region with key = WBS.update(IZZ)V#93
SSAConditionalBranchInstruction = conditional branch(eq, to iindex=57) 11,9
SSAPhiInstruction = 16 = phi  10,9

SSAGotoInstruction = goto (from iindex= 72 to iindex = 74)
SSAPhiInstruction = 17 = phi  10,9

Veritested inner region with key = WBS.update(IZZ)V#122
SSAConditionalBranchInstruction = conditional branch(ne, to iindex=73) 11,9
Veritested inner region with key = WBS.update(IZZ)V#122
SSAConditionalBranchInstruction = conditional branch(ne, to iindex=73) 11,9
SSAGotoInstruction = goto (from iindex= 72 to iindex = 74)
Veritested inner region with key = WBS.update(IZZ)V#122
SSAConditionalBranchInstruction = conditional branch(ne, to iindex=73) 11,9
SSAPhiInstruction = 17 = phi  10,9

Veritested inner region with key = WBS.update(IZZ)V#117
SSAConditionalBranchInstruction = conditional branch(ne, to iindex=71) 11,9
SSAPhiInstruction = 17 = phi  10,9

Veritested inner region with key = WBS.update(IZZ)V#112
SSAConditionalBranchInstruction = conditional branch(gt, to iindex=68) 6,9
SSAPhiInstruction = 17 = phi  10,9

SSAGotoInstruction = goto (from iindex= 86 to iindex = 89)
SSAGotoInstruction = goto (from iindex= 83 to iindex = 89)
SSAPhiInstruction = 18 = phi  9,14,14

Veritested inner region with key = WBS.update(IZZ)V#138
SSAConditionalBranchInstruction = conditional branch(eq, to iindex=84) 4,9
SSAPhiInstruction = 18 = phi  9,14,14

SSAGotoInstruction = goto (from iindex= 94 to iindex = 97)
SSAPhiInstruction = 20 = phi  9,19

SSAGotoInstruction = goto (from iindex= 102 to iindex = 105)
SSAPhiInstruction = 21 = phi  9,19

SSAGotoInstruction = goto (from iindex= 116 to iindex = 119)
SSAPhiInstruction = 22 = phi  9,21,19

Veritested inner region with key = WBS.update(IZZ)V#199
SSAConditionalBranchInstruction = conditional branch(lt, to iindex=117) 21,10
SSAGotoInstruction = goto (from iindex= 110 to iindex = 119)
SSAPhiInstruction = 22 = phi  9,21,19

SSAGotoInstruction = goto (from iindex= 156 to iindex = 159)
SSAPhiInstruction = 27 = phi  9,23,24,26,22,9

Veritested inner region with key = WBS.update(IZZ)V#273
SSAConditionalBranchInstruction = conditional branch(ne, to iindex=157) 18,14
SSABinaryOpInstruction = 25 = binaryop(div) 22 , 14
SSABinaryOpInstruction = 26 = binaryop(mul) 25 , 13
SSAGotoInstruction = goto (from iindex= 150 to iindex = 159)
SSAPhiInstruction = 27 = phi  9,23,24,26,22,9

Veritested inner region with key = WBS.update(IZZ)V#256
SSAConditionalBranchInstruction = conditional branch(ne, to iindex=151) 18,13
